Using pre-set license
Built from '2020.3/staging' branch; Version is '2020.3.13f1 (71691879b7f5) revision 7432472'; Using compiler version '192528614'; Build Type 'Release'
OS: 'Windows 10 Pro; OS build 19042.1052; Version 2009; 64bit' Language: 'zh' Physical Memory: 7994 MB
BatchMode: 1, IsHumanControllingUs: 0, StartBugReporterOnCrash: 0, Is64bit: 1, IsPro: 0

 COMMAND LINE ARGUMENTS:
D:\Unity\2020.3.13f1\Editor\Unity.exe
-adb2
-batchMode
-noUpm
-name
AssetImportWorker0
-projectPath
D:/UnityProjects/Dodging
-logFile
Logs/AssetImportWorker0.log
-srvPort
63825
Successfully changed project path to: D:/UnityProjects/Dodging
D:/UnityProjects/Dodging
Using Asset Import Pipeline V2.
Refreshing native plugins compatible for Editor in 37.91 ms, found 3 plugins.
Preloading 0 native plugins for Editor in 0.00 ms.
Initialize engine version: 2020.3.13f1 (71691879b7f5)
[Subsystems] Discovering subsystems at path D:/Unity/2020.3.13f1/Editor/Data/Resources/UnitySubsystems
[Subsystems] Discovering subsystems at path D:/UnityProjects/Dodging/Assets
GfxDevice: creating device client; threaded=0
Direct3D:
    Version:  Direct3D 11.0 [level 11.1]
    Renderer: Intel(R) UHD Graphics 630 (ID=0x3e92)
    Vendor:   
    VRAM:     3997 MB
    Driver:   27.20.100.8681
Initialize mono
Mono path[0] = 'D:/Unity/2020.3.13f1/Editor/Data/Managed'
Mono path[1] = 'D:/Unity/2020.3.13f1/Editor/Data/MonoBleedingEdge/lib/mono/unityjit'
Mono config path = 'D:/Unity/2020.3.13f1/Editor/Data/MonoBleedingEdge/etc'
Using monoOptions --debugger-agent=transport=dt_socket,embedding=1,server=y,suspend=n,address=127.0.0.1:56864
Begin MonoManager ReloadAssembly
Registering precompiled unity dll's ...
Register platform support module: D:/Unity/2020.3.13f1/Editor/Data/PlaybackEngines/WindowsStandaloneSupport/UnityEditor.WindowsStandalone.Extensions.dll
Registered in 0.000901 seconds.
Native extension for WindowsStandalone target not found
Refreshing native plugins compatible for Editor in 33.44 ms, found 3 plugins.
Preloading 0 native plugins for Editor in 0.00 ms.
Unable to find bridge dll in registry for Microsoft Visual Studio Tools for Unity for D:/Microsoft Visual Studio/2019/Community/Common7/IDE/devenv.exe
Mono: successfully reloaded assembly
- Completed reload, in  1.388 seconds
Platform modules already initialized, skipping
Registering precompiled user dll's ...
Registered in 0.003784 seconds.
Begin MonoManager ReloadAssembly
Native extension for WindowsStandalone target not found
Refreshing native plugins compatible for Editor in 47.86 ms, found 3 plugins.
Preloading 0 native plugins for Editor in 0.00 ms.
Mono: successfully reloaded assembly
- Completed reload, in  1.297 seconds
Platform modules already initialized, skipping
========================================================================
Worker process is ready to serve import requests
Launched and connected shader compiler UnityShaderCompiler.exe after 0.11 seconds
Refreshing native plugins compatible for Editor in 0.39 ms, found 3 plugins.
Preloading 0 native plugins for Editor in 0.00 ms.
Unloading 2088 Unused Serialized files (Serialized files now loaded: 0)
System memory in use before: 95.4 MB.
System memory in use after: 95.4 MB.

Unloading 33 unused Assets to reduce memory usage. Loaded Objects now: 2521.
Total: 2.458600 ms (FindLiveObjects: 0.208000 ms CreateObjectMapping: 0.072400 ms MarkObjects: 2.072000 ms  DeleteObjects: 0.105100 ms)

AssetImportParameters requested are different than current active one (requested -> active):
  custom:framework-win-MediaFoundation: 216162199b28c13a410421893ffa2e32 -> 
  custom:video-decoder-ogg-theora: a1e56fd34408186e4bbccfd4996cb3dc -> 
  custom:container-muxer-webm: aa71ff27fc2769a1b78a27578f13a17b -> 
  custom:container-demuxer-webm: 4f35f7cbe854078d1ac9338744f61a02 -> 
  custom:container-demuxer-ogg: 62fdf1f143b41e24485cea50d1cbac27 -> 
  custom:video-encoder-webm-vp8: eb34c28f22e8b96e1ab97ce403110664 -> 
  custom:video-decoder-webm-vp8: 9c59270c3fd7afecdb556c50c9e8de78 -> 
  custom:audio-decoder-ogg-vorbis: bf7c407c2cedff20999df2af8eb42d56 -> 
  custom:audio-encoder-webm-vorbis: bf7c407c2cedff20999df2af8eb42d56 -> 
========================================================================
Received Import Request.
  path: Assets/background.png
  artifactKey: Guid(3aad1b5aa59415a4f8f7324ed029be3d) Importer(815301076,1909f56bfc062723c751e8b465ee728b)
Start importing Assets/background.png using Guid(3aad1b5aa59415a4f8f7324ed029be3d) Importer(815301076,1909f56bfc062723c751e8b465ee728b)  -> (artifact id: '4f1d80d02f2c014a449be2f5f281c475') in 0.230008 seconds 
  Import took 0.232931 seconds .

========================================================================
Received Import Request.
  Time since last request: 0.000262 seconds.
  path: Assets/hp_gauge.png
  artifactKey: Guid(6349ea92b7ccfad4b8f207da9a6929f5) Importer(815301076,1909f56bfc062723c751e8b465ee728b)
Start importing Assets/hp_gauge.png using Guid(6349ea92b7ccfad4b8f207da9a6929f5) Importer(815301076,1909f56bfc062723c751e8b465ee728b)  -> (artifact id: '5b8625a47dda50bd547dde5051004883') in 0.014771 seconds 
  Import took 0.017472 seconds .

========================================================================
Received Import Request.
  Time since last request: 0.000272 seconds.
  path: Assets/arrow.prefab
  artifactKey: Guid(47aea39b2705a114fa3d6903f2d7214d) Importer(815301076,1909f56bfc062723c751e8b465ee728b)
Start importing Assets/arrow.prefab using Guid(47aea39b2705a114fa3d6903f2d7214d) Importer(815301076,1909f56bfc062723c751e8b465ee728b)  -> (artifact id: 'f16dea72bf19982101db38288b05704c') in 0.071313 seconds 
  Import took 0.074791 seconds .

========================================================================
Received Import Request.
  Time since last request: 0.000272 seconds.
  path: Assets/LButton.png
  artifactKey: Guid(f5d777357d9c73b49b39dfd09480dcce) Importer(815301076,1909f56bfc062723c751e8b465ee728b)
Start importing Assets/LButton.png using Guid(f5d777357d9c73b49b39dfd09480dcce) Importer(815301076,1909f56bfc062723c751e8b465ee728b)  -> (artifact id: '42ea4113458045036046453a72f23309') in 0.013882 seconds 
  Import took 0.018129 seconds .

========================================================================
Received Import Request.
  Time since last request: 0.000464 seconds.
  path: Assets/RButton.png
  artifactKey: Guid(c018b41faed95544f9e3973cf5bb0e61) Importer(815301076,1909f56bfc062723c751e8b465ee728b)
Start importing Assets/RButton.png using Guid(c018b41faed95544f9e3973cf5bb0e61) Importer(815301076,1909f56bfc062723c751e8b465ee728b)  -> (artifact id: 'bc9b8d40128c32e9564649c34b737444') in 0.012923 seconds 
  Import took 0.017151 seconds .

========================================================================
Received Import Request.
  Time since last request: 0.000258 seconds.
  path: Assets/player.png
  artifactKey: Guid(50df54e48adc28e44aa8f889ffb7f042) Importer(815301076,1909f56bfc062723c751e8b465ee728b)
Start importing Assets/player.png using Guid(50df54e48adc28e44aa8f889ffb7f042) Importer(815301076,1909f56bfc062723c751e8b465ee728b)  -> (artifact id: 'ed8cdd6f5cdbab1a4a1478cb539c7a10') in 0.016189 seconds 
  Import took 0.020850 seconds .

========================================================================
Received Import Request.
  Time since last request: 0.000308 seconds.
  path: Assets/arrow.png
  artifactKey: Guid(3a21c3e4e9711934eadcb286c476023e) Importer(815301076,1909f56bfc062723c751e8b465ee728b)
Start importing Assets/arrow.png using Guid(3a21c3e4e9711934eadcb286c476023e) Importer(815301076,1909f56bfc062723c751e8b465ee728b)  -> (artifact id: '0f8ac3717aee25924f117a7faaa94dc7') in 0.010813 seconds 
  Import took 0.015472 seconds .

========================================================================
Received Import Request.
  Time since last request: 30.454919 seconds.
  path: Assets/GameDirector.cs
  artifactKey: Guid(5c79d589f71f10746aa627d93e31b52b) Importer(815301076,1909f56bfc062723c751e8b465ee728b)
Start importing Assets/GameDirector.cs using Guid(5c79d589f71f10746aa627d93e31b52b) Importer(815301076,1909f56bfc062723c751e8b465ee728b)  -> (artifact id: 'bf64986314e39e2053e04e9b6806f0e8') in 0.030508 seconds 
  Import took 0.041102 seconds .

========================================================================
Received Import Request.
  Time since last request: 0.011688 seconds.
  path: Assets/GameDirector.cs
  artifactKey: Guid(5c79d589f71f10746aa627d93e31b52b) Importer(815301076,1909f56bfc062723c751e8b465ee728b)
Start importing Assets/GameDirector.cs using Guid(5c79d589f71f10746aa627d93e31b52b) Importer(815301076,1909f56bfc062723c751e8b465ee728b)  -> (artifact id: 'bf64986314e39e2053e04e9b6806f0e8') in 0.002946 seconds 
  Import took 0.007334 seconds .

========================================================================
Received Import Request.
  Time since last request: 0.097451 seconds.
  path: Assets/CatController.cs
  artifactKey: Guid(42b98aa2ce31b2746b9199b8ca11d95e) Importer(815301076,1909f56bfc062723c751e8b465ee728b)
Start importing Assets/CatController.cs using Guid(42b98aa2ce31b2746b9199b8ca11d95e) Importer(815301076,1909f56bfc062723c751e8b465ee728b)  -> (artifact id: '03f6454726637631fde71d3c0d0bc92f') in 0.008233 seconds 
  Import took 0.011356 seconds .

========================================================================
Received Import Request.
  Time since last request: 0.000725 seconds.
  path: Assets/CatController.cs
  artifactKey: Guid(42b98aa2ce31b2746b9199b8ca11d95e) Importer(815301076,1909f56bfc062723c751e8b465ee728b)
Start importing Assets/CatController.cs using Guid(42b98aa2ce31b2746b9199b8ca11d95e) Importer(815301076,1909f56bfc062723c751e8b465ee728b)  -> (artifact id: '03f6454726637631fde71d3c0d0bc92f') in 0.003775 seconds 
  Import took 0.006821 seconds .

========================================================================
Received Import Request.
  Time since last request: 0.671503 seconds.
  path: Assets/ArrowGenerator.cs
  artifactKey: Guid(c75bd2340f972b1449c6692977a41733) Importer(815301076,1909f56bfc062723c751e8b465ee728b)
Start importing Assets/ArrowGenerator.cs using Guid(c75bd2340f972b1449c6692977a41733) Importer(815301076,1909f56bfc062723c751e8b465ee728b)  -> (artifact id: '628be7dbac2b934c3df51159854fbdaf') in 0.008276 seconds 
  Import took 0.012688 seconds .

========================================================================
Received Import Request.
  Time since last request: 1.185888 seconds.
  path: Assets/ArrowController.cs
  artifactKey: Guid(2fdfe62e5c7a86443b6777d488a8491e) Importer(815301076,1909f56bfc062723c751e8b465ee728b)
Start importing Assets/ArrowController.cs using Guid(2fdfe62e5c7a86443b6777d488a8491e) Importer(815301076,1909f56bfc062723c751e8b465ee728b)  -> (artifact id: '30ed3e2524294669d552a0751d44a7c8') in 0.009620 seconds 
  Import took 0.013203 seconds .

========================================================================
Received Import Request.
  Time since last request: 0.001801 seconds.
  path: Assets/ArrowController.cs
  artifactKey: Guid(2fdfe62e5c7a86443b6777d488a8491e) Importer(815301076,1909f56bfc062723c751e8b465ee728b)
Start importing Assets/ArrowController.cs using Guid(2fdfe62e5c7a86443b6777d488a8491e) Importer(815301076,1909f56bfc062723c751e8b465ee728b)  -> (artifact id: '30ed3e2524294669d552a0751d44a7c8') in 0.002056 seconds 
  Import took 0.005803 seconds .

========================================================================
Received Prepare
Registering precompiled user dll's ...
Registered in 0.057418 seconds.
Begin MonoManager ReloadAssembly
Native extension for WindowsStandalone target not found
Refreshing native plugins compatible for Editor in 0.40 ms, found 3 plugins.
Preloading 0 native plugins for Editor in 0.00 ms.
Mono: successfully reloaded assembly
- Completed reload, in  1.703 seconds
Platform modules already initialized, skipping
Refreshing native plugins compatible for Editor in 0.74 ms, found 3 plugins.
Preloading 0 native plugins for Editor in 0.00 ms.
Unloading 2084 Unused Serialized files (Serialized files now loaded: 0)
System memory in use before: 98.5 MB.
System memory in use after: 98.5 MB.

Unloading 22 unused Assets to reduce memory usage. Loaded Objects now: 2539.
Total: 3.309600 ms (FindLiveObjects: 0.233400 ms CreateObjectMapping: 0.102500 ms MarkObjects: 2.837400 ms  DeleteObjects: 0.135100 ms)

AssetImportParameters requested are different than current active one (requested -> active):
  custom:framework-win-MediaFoundation: 216162199b28c13a410421893ffa2e32 -> 
  custom:video-decoder-ogg-theora: a1e56fd34408186e4bbccfd4996cb3dc -> 
  custom:container-muxer-webm: aa71ff27fc2769a1b78a27578f13a17b -> 
  custom:container-demuxer-webm: 4f35f7cbe854078d1ac9338744f61a02 -> 
  custom:container-demuxer-ogg: 62fdf1f143b41e24485cea50d1cbac27 -> 
  custom:video-encoder-webm-vp8: eb34c28f22e8b96e1ab97ce403110664 -> 
  custom:video-decoder-webm-vp8: 9c59270c3fd7afecdb556c50c9e8de78 -> 
  custom:audio-decoder-ogg-vorbis: bf7c407c2cedff20999df2af8eb42d56 -> 
  custom:audio-encoder-webm-vorbis: bf7c407c2cedff20999df2af8eb42d56 -> 
========================================================================
Received Import Request.
  Time since last request: 84.627110 seconds.
  path: Assets/ArrowController.cs
  artifactKey: Guid(2fdfe62e5c7a86443b6777d488a8491e) Importer(815301076,1909f56bfc062723c751e8b465ee728b)
Start importing Assets/ArrowController.cs using Guid(2fdfe62e5c7a86443b6777d488a8491e) Importer(815301076,1909f56bfc062723c751e8b465ee728b)  -> (artifact id: '4b5159000ca3887c8b7e5e1efc2f9ab0') in 0.004096 seconds 
  Import took 0.007004 seconds .

========================================================================
Received Import Request.
  Time since last request: 0.009924 seconds.
  path: Assets/ArrowController.cs
  artifactKey: Guid(2fdfe62e5c7a86443b6777d488a8491e) Importer(815301076,1909f56bfc062723c751e8b465ee728b)
Start importing Assets/ArrowController.cs using Guid(2fdfe62e5c7a86443b6777d488a8491e) Importer(815301076,1909f56bfc062723c751e8b465ee728b)  -> (artifact id: '4b5159000ca3887c8b7e5e1efc2f9ab0') in 0.002405 seconds 
  Import took 0.005470 seconds .

========================================================================
Received Prepare
Registering precompiled user dll's ...
Registered in 0.049039 seconds.
Begin MonoManager ReloadAssembly
Native extension for WindowsStandalone target not found
Refreshing native plugins compatible for Editor in 0.78 ms, found 3 plugins.
Preloading 0 native plugins for Editor in 0.00 ms.
Mono: successfully reloaded assembly
- Completed reload, in  1.276 seconds
Platform modules already initialized, skipping
Refreshing native plugins compatible for Editor in 0.76 ms, found 3 plugins.
Preloading 0 native plugins for Editor in 0.00 ms.
Unloading 2084 Unused Serialized files (Serialized files now loaded: 0)
System memory in use before: 98.5 MB.
System memory in use after: 98.5 MB.

Unloading 22 unused Assets to reduce memory usage. Loaded Objects now: 2542.
Total: 3.494900 ms (FindLiveObjects: 0.315900 ms CreateObjectMapping: 0.127200 ms MarkObjects: 2.934500 ms  DeleteObjects: 0.115000 ms)

AssetImportParameters requested are different than current active one (requested -> active):
  custom:framework-win-MediaFoundation: 216162199b28c13a410421893ffa2e32 -> 
  custom:video-decoder-ogg-theora: a1e56fd34408186e4bbccfd4996cb3dc -> 
  custom:container-muxer-webm: aa71ff27fc2769a1b78a27578f13a17b -> 
  custom:container-demuxer-webm: 4f35f7cbe854078d1ac9338744f61a02 -> 
  custom:container-demuxer-ogg: 62fdf1f143b41e24485cea50d1cbac27 -> 
  custom:video-encoder-webm-vp8: eb34c28f22e8b96e1ab97ce403110664 -> 
  custom:video-decoder-webm-vp8: 9c59270c3fd7afecdb556c50c9e8de78 -> 
  custom:audio-decoder-ogg-vorbis: bf7c407c2cedff20999df2af8eb42d56 -> 
  custom:audio-encoder-webm-vorbis: bf7c407c2cedff20999df2af8eb42d56 -> 
========================================================================
Received Prepare
Registering precompiled user dll's ...
Registered in 0.002499 seconds.
Begin MonoManager ReloadAssembly
Native extension for WindowsStandalone target not found
Refreshing native plugins compatible for Editor in 0.39 ms, found 3 plugins.
Preloading 0 native plugins for Editor in 0.00 ms.
Mono: successfully reloaded assembly
- Completed reload, in  1.849 seconds
Platform modules already initialized, skipping
Refreshing native plugins compatible for Editor in 0.36 ms, found 3 plugins.
Preloading 0 native plugins for Editor in 0.00 ms.
Unloading 2084 Unused Serialized files (Serialized files now loaded: 0)
System memory in use before: 98.6 MB.
System memory in use after: 98.5 MB.

Unloading 22 unused Assets to reduce memory usage. Loaded Objects now: 2545.
Total: 2.383400 ms (FindLiveObjects: 0.176000 ms CreateObjectMapping: 0.057800 ms MarkObjects: 2.067800 ms  DeleteObjects: 0.081100 ms)

AssetImportParameters requested are different than current active one (requested -> active):
  custom:framework-win-MediaFoundation: 216162199b28c13a410421893ffa2e32 -> 
  custom:video-decoder-ogg-theora: a1e56fd34408186e4bbccfd4996cb3dc -> 
  custom:container-muxer-webm: aa71ff27fc2769a1b78a27578f13a17b -> 
  custom:container-demuxer-webm: 4f35f7cbe854078d1ac9338744f61a02 -> 
  custom:container-demuxer-ogg: 62fdf1f143b41e24485cea50d1cbac27 -> 
  custom:video-encoder-webm-vp8: eb34c28f22e8b96e1ab97ce403110664 -> 
  custom:video-decoder-webm-vp8: 9c59270c3fd7afecdb556c50c9e8de78 -> 
  custom:audio-decoder-ogg-vorbis: bf7c407c2cedff20999df2af8eb42d56 -> 
  custom:audio-encoder-webm-vorbis: bf7c407c2cedff20999df2af8eb42d56 -> 
========================================================================
Received Import Request.
  Time since last request: 521.826121 seconds.
  path: Assets/ArrowGenerator.cs
  artifactKey: Guid(c75bd2340f972b1449c6692977a41733) Importer(815301076,1909f56bfc062723c751e8b465ee728b)
Start importing Assets/ArrowGenerator.cs using Guid(c75bd2340f972b1449c6692977a41733) Importer(815301076,1909f56bfc062723c751e8b465ee728b)  -> (artifact id: '9ddb874b2c30558eb23ec01933d96ae3') in 0.003871 seconds 
  Import took 0.006450 seconds .

========================================================================
Received Prepare
Registering precompiled user dll's ...
Registered in 0.002623 seconds.
Begin MonoManager ReloadAssembly
Native extension for WindowsStandalone target not found
Refreshing native plugins compatible for Editor in 0.69 ms, found 3 plugins.
Preloading 0 native plugins for Editor in 0.00 ms.
Mono: successfully reloaded assembly
- Completed reload, in  0.959 seconds
Platform modules already initialized, skipping
Refreshing native plugins compatible for Editor in 0.40 ms, found 3 plugins.
Preloading 0 native plugins for Editor in 0.00 ms.
Unloading 2084 Unused Serialized files (Serialized files now loaded: 0)
System memory in use before: 98.6 MB.
System memory in use after: 98.6 MB.

Unloading 22 unused Assets to reduce memory usage. Loaded Objects now: 2548.
Total: 3.439900 ms (FindLiveObjects: 0.182000 ms CreateObjectMapping: 0.057700 ms MarkObjects: 3.039200 ms  DeleteObjects: 0.160200 ms)

AssetImportParameters requested are different than current active one (requested -> active):
  custom:framework-win-MediaFoundation: 216162199b28c13a410421893ffa2e32 -> 
  custom:video-decoder-ogg-theora: a1e56fd34408186e4bbccfd4996cb3dc -> 
  custom:container-muxer-webm: aa71ff27fc2769a1b78a27578f13a17b -> 
  custom:container-demuxer-webm: 4f35f7cbe854078d1ac9338744f61a02 -> 
  custom:container-demuxer-ogg: 62fdf1f143b41e24485cea50d1cbac27 -> 
  custom:video-encoder-webm-vp8: eb34c28f22e8b96e1ab97ce403110664 -> 
  custom:video-decoder-webm-vp8: 9c59270c3fd7afecdb556c50c9e8de78 -> 
  custom:audio-decoder-ogg-vorbis: bf7c407c2cedff20999df2af8eb42d56 -> 
  custom:audio-encoder-webm-vorbis: bf7c407c2cedff20999df2af8eb42d56 -> 
========================================================================
Received Import Request.
  Time since last request: 16.604239 seconds.
  path: Assets/ArrowGenerator.cs
  artifactKey: Guid(c75bd2340f972b1449c6692977a41733) Importer(815301076,1909f56bfc062723c751e8b465ee728b)
Start importing Assets/ArrowGenerator.cs using Guid(c75bd2340f972b1449c6692977a41733) Importer(815301076,1909f56bfc062723c751e8b465ee728b)  -> (artifact id: '48ec7181fa2d00c66dec13ecae704b97') in 0.004346 seconds 
  Import took 0.007299 seconds .

========================================================================
Received Import Request.
  Time since last request: 0.009500 seconds.
  path: Assets/ArrowGenerator.cs
  artifactKey: Guid(c75bd2340f972b1449c6692977a41733) Importer(815301076,1909f56bfc062723c751e8b465ee728b)
Start importing Assets/ArrowGenerator.cs using Guid(c75bd2340f972b1449c6692977a41733) Importer(815301076,1909f56bfc062723c751e8b465ee728b)  -> (artifact id: '48ec7181fa2d00c66dec13ecae704b97') in 0.002361 seconds 
  Import took 0.005704 seconds .

========================================================================
Received Prepare
Registering precompiled user dll's ...
Registered in 0.002507 seconds.
Begin MonoManager ReloadAssembly
Native extension for WindowsStandalone target not found
Refreshing native plugins compatible for Editor in 0.42 ms, found 3 plugins.
Preloading 0 native plugins for Editor in 0.00 ms.
Mono: successfully reloaded assembly
- Completed reload, in  1.006 seconds
Platform modules already initialized, skipping
Refreshing native plugins compatible for Editor in 0.39 ms, found 3 plugins.
Preloading 0 native plugins for Editor in 0.00 ms.
Unloading 2084 Unused Serialized files (Serialized files now loaded: 0)
System memory in use before: 98.6 MB.
System memory in use after: 98.6 MB.

Unloading 22 unused Assets to reduce memory usage. Loaded Objects now: 2551.
Total: 4.766700 ms (FindLiveObjects: 0.410000 ms CreateObjectMapping: 0.141100 ms MarkObjects: 4.084600 ms  DeleteObjects: 0.129400 ms)

AssetImportParameters requested are different than current active one (requested -> active):
  custom:framework-win-MediaFoundation: 216162199b28c13a410421893ffa2e32 -> 
  custom:video-decoder-ogg-theora: a1e56fd34408186e4bbccfd4996cb3dc -> 
  custom:container-muxer-webm: aa71ff27fc2769a1b78a27578f13a17b -> 
  custom:container-demuxer-webm: 4f35f7cbe854078d1ac9338744f61a02 -> 
  custom:container-demuxer-ogg: 62fdf1f143b41e24485cea50d1cbac27 -> 
  custom:video-encoder-webm-vp8: eb34c28f22e8b96e1ab97ce403110664 -> 
  custom:video-decoder-webm-vp8: 9c59270c3fd7afecdb556c50c9e8de78 -> 
  custom:audio-decoder-ogg-vorbis: bf7c407c2cedff20999df2af8eb42d56 -> 
  custom:audio-encoder-webm-vorbis: bf7c407c2cedff20999df2af8eb42d56 -> 
========================================================================
Received Prepare
Registering precompiled user dll's ...
Registered in 0.024304 seconds.
Begin MonoManager ReloadAssembly
Native extension for WindowsStandalone target not found
Refreshing native plugins compatible for Editor in 0.50 ms, found 3 plugins.
Preloading 0 native plugins for Editor in 0.00 ms.
Mono: successfully reloaded assembly
- Completed reload, in  1.517 seconds
Platform modules already initialized, skipping
Refreshing native plugins compatible for Editor in 0.84 ms, found 3 plugins.
Preloading 0 native plugins for Editor in 0.00 ms.
Unloading 2084 Unused Serialized files (Serialized files now loaded: 0)
System memory in use before: 98.6 MB.
System memory in use after: 98.6 MB.

Unloading 22 unused Assets to reduce memory usage. Loaded Objects now: 2554.
Total: 6.963200 ms (FindLiveObjects: 0.369600 ms CreateObjectMapping: 0.167100 ms MarkObjects: 6.050800 ms  DeleteObjects: 0.373200 ms)

AssetImportParameters requested are different than current active one (requested -> active):
  custom:framework-win-MediaFoundation: 216162199b28c13a410421893ffa2e32 -> 
  custom:video-decoder-ogg-theora: a1e56fd34408186e4bbccfd4996cb3dc -> 
  custom:container-muxer-webm: aa71ff27fc2769a1b78a27578f13a17b -> 
  custom:container-demuxer-webm: 4f35f7cbe854078d1ac9338744f61a02 -> 
  custom:container-demuxer-ogg: 62fdf1f143b41e24485cea50d1cbac27 -> 
  custom:video-encoder-webm-vp8: eb34c28f22e8b96e1ab97ce403110664 -> 
  custom:video-decoder-webm-vp8: 9c59270c3fd7afecdb556c50c9e8de78 -> 
  custom:audio-decoder-ogg-vorbis: bf7c407c2cedff20999df2af8eb42d56 -> 
  custom:audio-encoder-webm-vorbis: bf7c407c2cedff20999df2af8eb42d56 -> 
AssetImportWorkerClient::OnTransportError - code=2 error=End of file
