Using pre-set license
Built from '2020.3/staging' branch; Version is '2020.3.11f1 (99c7afb366b3) revision 10078127'; Using compiler version '192528614'; Build Type 'Release'
OS: 'Windows 10 Home; OS build 19042.985; Version 2009; 64bit' Language: 'zh' Physical Memory: 16247 MB
BatchMode: 1, IsHumanControllingUs: 0, StartBugReporterOnCrash: 0, Is64bit: 1, IsPro: 0

 COMMAND LINE ARGUMENTS:
D:\Unity\2020.3.11f1\Editor\Unity.exe
-adb2
-batchMode
-noUpm
-name
AssetImportWorker0
-projectPath
D:/UnityProjects/Dodging
-logFile
Logs/AssetImportWorker0.log
-srvPort
49936
Successfully changed project path to: D:/UnityProjects/Dodging
D:/UnityProjects/Dodging
Using Asset Import Pipeline V2.
Refreshing native plugins compatible for Editor in 48.92 ms, found 3 plugins.
Preloading 0 native plugins for Editor in 0.00 ms.
Initialize engine version: 2020.3.11f1 (99c7afb366b3)
[Subsystems] Discovering subsystems at path D:/Unity/2020.3.11f1/Editor/Data/Resources/UnitySubsystems
[Subsystems] Discovering subsystems at path D:/UnityProjects/Dodging/Assets
GfxDevice: creating device client; threaded=0
Direct3D:
    Version:  Direct3D 11.0 [level 11.0]
    Renderer: NVIDIA GeForce GTX 960M (ID=0x139b)
    Vendor:   
    VRAM:     4065 MB
    Driver:   23.21.13.8857
Initialize mono
Mono path[0] = 'D:/Unity/2020.3.11f1/Editor/Data/Managed'
Mono path[1] = 'D:/Unity/2020.3.11f1/Editor/Data/MonoBleedingEdge/lib/mono/unityjit'
Mono config path = 'D:/Unity/2020.3.11f1/Editor/Data/MonoBleedingEdge/etc'
Using monoOptions --debugger-agent=transport=dt_socket,embedding=1,server=y,suspend=n,address=127.0.0.1:56476
Begin MonoManager ReloadAssembly
Registering precompiled unity dll's ...
Register platform support module: D:/Unity/2020.3.11f1/Editor/Data/PlaybackEngines/WebGLSupport/UnityEditor.WebGL.Extensions.dll
Register platform support module: D:/Unity/2020.3.11f1/Editor/Data/PlaybackEngines/WindowsStandaloneSupport/UnityEditor.WindowsStandalone.Extensions.dll
Registered in 0.001614 seconds.
Native extension for WindowsStandalone target not found
Native extension for WebGL target not found
Refreshing native plugins compatible for Editor in 47.70 ms, found 3 plugins.
Preloading 0 native plugins for Editor in 0.00 ms.
Mono: successfully reloaded assembly
- Completed reload, in  1.190 seconds
Platform modules already initialized, skipping
Registering precompiled user dll's ...
Registered in 0.004104 seconds.
Begin MonoManager ReloadAssembly
Native extension for WindowsStandalone target not found
Native extension for WebGL target not found
Refreshing native plugins compatible for Editor in 43.93 ms, found 3 plugins.
Preloading 0 native plugins for Editor in 0.00 ms.
Mono: successfully reloaded assembly
- Completed reload, in  1.357 seconds
Platform modules already initialized, skipping
========================================================================
Worker process is ready to serve import requests
Launched and connected shader compiler UnityShaderCompiler.exe after 0.06 seconds
Refreshing native plugins compatible for Editor in 0.48 ms, found 3 plugins.
Preloading 0 native plugins for Editor in 0.00 ms.
Unloading 2080 Unused Serialized files (Serialized files now loaded: 0)
System memory in use before: 92.8 MB.
System memory in use after: 92.7 MB.

Unloading 33 unused Assets to reduce memory usage. Loaded Objects now: 2513.
Total: 2.953500 ms (FindLiveObjects: 0.219300 ms CreateObjectMapping: 0.111200 ms MarkObjects: 2.438900 ms  DeleteObjects: 0.182800 ms)

========================================================================
Received Import Request.
  path: Assets/background.png
  artifactKey: Guid(3aad1b5aa59415a4f8f7324ed029be3d) Importer(815301076,1909f56bfc062723c751e8b465ee728b)
Start importing Assets/background.png using Guid(3aad1b5aa59415a4f8f7324ed029be3d) Importer(815301076,1909f56bfc062723c751e8b465ee728b)  -> (artifact id: '4f1d80d02f2c014a449be2f5f281c475') in 0.217255 seconds
  Import took 0.220930 seconds .

========================================================================
Received Import Request.
  Time since last request: 0.000429 seconds.
  path: Assets/hp_gauge.png
  artifactKey: Guid(6349ea92b7ccfad4b8f207da9a6929f5) Importer(815301076,1909f56bfc062723c751e8b465ee728b)
Start importing Assets/hp_gauge.png using Guid(6349ea92b7ccfad4b8f207da9a6929f5) Importer(815301076,1909f56bfc062723c751e8b465ee728b)  -> (artifact id: '5b8625a47dda50bd547dde5051004883') in 0.022583 seconds
  Import took 0.026586 seconds .

========================================================================
Received Import Request.
  Time since last request: 0.000329 seconds.
  path: Assets/LButton.png
  artifactKey: Guid(f5d777357d9c73b49b39dfd09480dcce) Importer(815301076,1909f56bfc062723c751e8b465ee728b)
Start importing Assets/LButton.png using Guid(f5d777357d9c73b49b39dfd09480dcce) Importer(815301076,1909f56bfc062723c751e8b465ee728b)  -> (artifact id: '42ea4113458045036046453a72f23309') in 0.025160 seconds
  Import took 0.029449 seconds .

========================================================================
Received Import Request.
  Time since last request: 0.000479 seconds.
  path: Assets/RButton.png
  artifactKey: Guid(c018b41faed95544f9e3973cf5bb0e61) Importer(815301076,1909f56bfc062723c751e8b465ee728b)
Start importing Assets/RButton.png using Guid(c018b41faed95544f9e3973cf5bb0e61) Importer(815301076,1909f56bfc062723c751e8b465ee728b)  -> (artifact id: 'bc9b8d40128c32e9564649c34b737444') in 0.017013 seconds
  Import took 0.022878 seconds .

========================================================================
Received Import Request.
  Time since last request: 0.000336 seconds.
  path: Assets/player.png
  artifactKey: Guid(50df54e48adc28e44aa8f889ffb7f042) Importer(815301076,1909f56bfc062723c751e8b465ee728b)
Start importing Assets/player.png using Guid(50df54e48adc28e44aa8f889ffb7f042) Importer(815301076,1909f56bfc062723c751e8b465ee728b)  -> (artifact id: 'ed8cdd6f5cdbab1a4a1478cb539c7a10') in 0.022057 seconds
  Import took 0.026987 seconds .

========================================================================
Received Import Request.
  Time since last request: 0.000458 seconds.
  path: Assets/arrow.png
  artifactKey: Guid(3a21c3e4e9711934eadcb286c476023e) Importer(815301076,1909f56bfc062723c751e8b465ee728b)
Start importing Assets/arrow.png using Guid(3a21c3e4e9711934eadcb286c476023e) Importer(815301076,1909f56bfc062723c751e8b465ee728b)  -> (artifact id: '0f8ac3717aee25924f117a7faaa94dc7') in 0.018701 seconds
  Import took 0.024792 seconds .

========================================================================
Received Import Request.
  Time since last request: 111.775370 seconds.
  path: Assets
  artifactKey: Guid(00000000000000001000000000000000) Importer(815301076,1909f56bfc062723c751e8b465ee728b)
Start importing Assets using Guid(00000000000000001000000000000000) Importer(815301076,1909f56bfc062723c751e8b465ee728b)  -> (artifact id: '42d402b061de3733987d63b9cc3b64de') in 0.012862 seconds
  Import took 0.017088 seconds .

========================================================================
Received Import Request.
  Time since last request: 8.369408 seconds.
  path: Assets/CstController.cs
  artifactKey: Guid(42b98aa2ce31b2746b9199b8ca11d95e) Importer(815301076,1909f56bfc062723c751e8b465ee728b)
Start importing Assets/CstController.cs using Guid(42b98aa2ce31b2746b9199b8ca11d95e) Importer(815301076,1909f56bfc062723c751e8b465ee728b)  -> (artifact id: 'db635a786a5756af3e376a138f25d476') in 0.018475 seconds
  Import took 0.023276 seconds .

========================================================================
Received Prepare
Registering precompiled user dll's ...
Registered in 0.003757 seconds.
Begin MonoManager ReloadAssembly
Native extension for WindowsStandalone target not found
Native extension for WebGL target not found
Refreshing native plugins compatible for Editor in 0.49 ms, found 3 plugins.
Preloading 0 native plugins for Editor in 0.00 ms.
Mono: successfully reloaded assembly
- Completed reload, in  1.277 seconds
Platform modules already initialized, skipping
Refreshing native plugins compatible for Editor in 0.61 ms, found 3 plugins.
Preloading 0 native plugins for Editor in 0.00 ms.
Unloading 2076 Unused Serialized files (Serialized files now loaded: 0)
System memory in use before: 95.7 MB.
System memory in use after: 95.7 MB.

Unloading 21 unused Assets to reduce memory usage. Loaded Objects now: 2530.
Total: 3.642600 ms (FindLiveObjects: 0.329900 ms CreateObjectMapping: 0.171500 ms MarkObjects: 2.933400 ms  DeleteObjects: 0.206300 ms)

========================================================================
Received Prepare
Registering precompiled user dll's ...
Registered in 0.003751 seconds.
Begin MonoManager ReloadAssembly
Native extension for WindowsStandalone target not found
Native extension for WebGL target not found
Refreshing native plugins compatible for Editor in 0.48 ms, found 3 plugins.
Preloading 0 native plugins for Editor in 0.00 ms.
Mono: successfully reloaded assembly
- Completed reload, in  1.291 seconds
Platform modules already initialized, skipping
Refreshing native plugins compatible for Editor in 0.50 ms, found 3 plugins.
Preloading 0 native plugins for Editor in 0.00 ms.
Unloading 2076 Unused Serialized files (Serialized files now loaded: 0)
System memory in use before: 95.8 MB.
System memory in use after: 95.7 MB.

Unloading 21 unused Assets to reduce memory usage. Loaded Objects now: 2534.
Total: 3.137500 ms (FindLiveObjects: 0.208400 ms CreateObjectMapping: 0.073500 ms MarkObjects: 2.560500 ms  DeleteObjects: 0.294100 ms)

========================================================================
Received Import Request.
  Time since last request: 158.946040 seconds.
  path: Assets/CstController.cs
  artifactKey: Guid(42b98aa2ce31b2746b9199b8ca11d95e) Importer(815301076,1909f56bfc062723c751e8b465ee728b)
Start importing Assets/CstController.cs using Guid(42b98aa2ce31b2746b9199b8ca11d95e) Importer(815301076,1909f56bfc062723c751e8b465ee728b)  -> (artifact id: '0bb4c4cce3c44f028bcdee75e85e1168') in 0.010574 seconds
  Import took 0.015379 seconds .

========================================================================
Received Prepare
Registering precompiled user dll's ...
Registered in 0.003692 seconds.
Begin MonoManager ReloadAssembly
Native extension for WindowsStandalone target not found
Native extension for WebGL target not found
Refreshing native plugins compatible for Editor in 0.56 ms, found 3 plugins.
Preloading 0 native plugins for Editor in 0.00 ms.
Mono: successfully reloaded assembly
- Completed reload, in  1.229 seconds
Platform modules already initialized, skipping
Refreshing native plugins compatible for Editor in 0.45 ms, found 3 plugins.
Preloading 0 native plugins for Editor in 0.00 ms.
Unloading 2076 Unused Serialized files (Serialized files now loaded: 0)
System memory in use before: 95.8 MB.
System memory in use after: 95.8 MB.

Unloading 21 unused Assets to reduce memory usage. Loaded Objects now: 2538.
Total: 2.861100 ms (FindLiveObjects: 0.290300 ms CreateObjectMapping: 0.086100 ms MarkObjects: 2.279700 ms  DeleteObjects: 0.204300 ms)

========================================================================
Received Import Request.
  Time since last request: 15.798880 seconds.
  path: Assets/CatController.cs
  artifactKey: Guid(42b98aa2ce31b2746b9199b8ca11d95e) Importer(815301076,1909f56bfc062723c751e8b465ee728b)
Start importing Assets/CatController.cs using Guid(42b98aa2ce31b2746b9199b8ca11d95e) Importer(815301076,1909f56bfc062723c751e8b465ee728b)  -> (artifact id: '5105978a1188f5d79485e407cb7e7566') in 0.014980 seconds
  Import took 0.019623 seconds .

========================================================================
Received Prepare
Registering precompiled user dll's ...
Registered in 0.004042 seconds.
Begin MonoManager ReloadAssembly
Native extension for WindowsStandalone target not found
Native extension for WebGL target not found
Refreshing native plugins compatible for Editor in 0.45 ms, found 3 plugins.
Preloading 0 native plugins for Editor in 0.00 ms.
Mono: successfully reloaded assembly
- Completed reload, in  1.317 seconds
Platform modules already initialized, skipping
Refreshing native plugins compatible for Editor in 0.45 ms, found 3 plugins.
Preloading 0 native plugins for Editor in 0.00 ms.
Unloading 2076 Unused Serialized files (Serialized files now loaded: 0)
System memory in use before: 95.8 MB.
System memory in use after: 95.8 MB.

Unloading 21 unused Assets to reduce memory usage. Loaded Objects now: 2542.
Total: 2.853700 ms (FindLiveObjects: 0.205200 ms CreateObjectMapping: 0.069700 ms MarkObjects: 2.405000 ms  DeleteObjects: 0.172900 ms)

========================================================================
Received Import Request.
  Time since last request: 11.722672 seconds.
  path: Assets/CatController.cs
  artifactKey: Guid(42b98aa2ce31b2746b9199b8ca11d95e) Importer(815301076,1909f56bfc062723c751e8b465ee728b)
Start importing Assets/CatController.cs using Guid(42b98aa2ce31b2746b9199b8ca11d95e) Importer(815301076,1909f56bfc062723c751e8b465ee728b)  -> (artifact id: '7994611c2c0a8982fe62aae649d9fdcb') in 0.007616 seconds
  Import took 0.013244 seconds .

========================================================================
Received Prepare
Registering precompiled user dll's ...
Registered in 0.003391 seconds.
Begin MonoManager ReloadAssembly
Native extension for WindowsStandalone target not found
Native extension for WebGL target not found
Refreshing native plugins compatible for Editor in 0.51 ms, found 3 plugins.
Preloading 0 native plugins for Editor in 0.00 ms.
Mono: successfully reloaded assembly
- Completed reload, in  1.235 seconds
Platform modules already initialized, skipping
Refreshing native plugins compatible for Editor in 0.71 ms, found 3 plugins.
Preloading 0 native plugins for Editor in 0.00 ms.
Unloading 2076 Unused Serialized files (Serialized files now loaded: 0)
System memory in use before: 95.8 MB.
System memory in use after: 95.8 MB.

Unloading 21 unused Assets to reduce memory usage. Loaded Objects now: 2546.
Total: 4.013400 ms (FindLiveObjects: 0.237400 ms CreateObjectMapping: 0.115000 ms MarkObjects: 3.467800 ms  DeleteObjects: 0.191500 ms)

========================================================================
Received Import Request.
  Time since last request: 60.950934 seconds.
  path: Assets/CatController.cs
  artifactKey: Guid(42b98aa2ce31b2746b9199b8ca11d95e) Importer(815301076,1909f56bfc062723c751e8b465ee728b)
Start importing Assets/CatController.cs using Guid(42b98aa2ce31b2746b9199b8ca11d95e) Importer(815301076,1909f56bfc062723c751e8b465ee728b)  -> (artifact id: 'e484595f2bcef0d93a5a2376715f0855') in 0.015663 seconds
  Import took 0.024894 seconds .

========================================================================
Received Prepare
Registering precompiled user dll's ...
Registered in 0.005041 seconds.
Begin MonoManager ReloadAssembly
Native extension for WindowsStandalone target not found
Native extension for WebGL target not found
Refreshing native plugins compatible for Editor in 0.51 ms, found 3 plugins.
Preloading 0 native plugins for Editor in 0.00 ms.
Mono: successfully reloaded assembly
- Completed reload, in  1.156 seconds
Platform modules already initialized, skipping
Refreshing native plugins compatible for Editor in 0.61 ms, found 3 plugins.
Preloading 0 native plugins for Editor in 0.00 ms.
Unloading 2076 Unused Serialized files (Serialized files now loaded: 0)
System memory in use before: 95.8 MB.
System memory in use after: 95.8 MB.

Unloading 21 unused Assets to reduce memory usage. Loaded Objects now: 2550.
Total: 3.033200 ms (FindLiveObjects: 0.196700 ms CreateObjectMapping: 0.078900 ms MarkObjects: 2.548500 ms  DeleteObjects: 0.208000 ms)

========================================================================
Received Prepare
Registering precompiled user dll's ...
Registered in 0.004565 seconds.
Begin MonoManager ReloadAssembly
Native extension for WindowsStandalone target not found
Native extension for WebGL target not found
Refreshing native plugins compatible for Editor in 0.75 ms, found 3 plugins.
Preloading 0 native plugins for Editor in 0.00 ms.
Mono: successfully reloaded assembly
- Completed reload, in  1.265 seconds
Platform modules already initialized, skipping
Refreshing native plugins compatible for Editor in 0.47 ms, found 3 plugins.
Preloading 0 native plugins for Editor in 0.00 ms.
Unloading 2076 Unused Serialized files (Serialized files now loaded: 0)
System memory in use before: 95.8 MB.
System memory in use after: 95.8 MB.

Unloading 21 unused Assets to reduce memory usage. Loaded Objects now: 2554.
Total: 3.206200 ms (FindLiveObjects: 0.212800 ms CreateObjectMapping: 0.078900 ms MarkObjects: 2.749500 ms  DeleteObjects: 0.163600 ms)

========================================================================
Received Prepare
Registering precompiled user dll's ...
Registered in 0.003673 seconds.
Begin MonoManager ReloadAssembly
Native extension for WindowsStandalone target not found
Native extension for WebGL target not found
Refreshing native plugins compatible for Editor in 0.56 ms, found 3 plugins.
Preloading 0 native plugins for Editor in 0.00 ms.
Mono: successfully reloaded assembly
- Completed reload, in  1.227 seconds
Platform modules already initialized, skipping
Refreshing native plugins compatible for Editor in 0.73 ms, found 3 plugins.
Preloading 0 native plugins for Editor in 0.00 ms.
Unloading 2076 Unused Serialized files (Serialized files now loaded: 0)
System memory in use before: 95.8 MB.
System memory in use after: 95.8 MB.

Unloading 21 unused Assets to reduce memory usage. Loaded Objects now: 2558.
Total: 2.774300 ms (FindLiveObjects: 0.254600 ms CreateObjectMapping: 0.078400 ms MarkObjects: 2.265700 ms  DeleteObjects: 0.174400 ms)

========================================================================
Received Import Request.
  Time since last request: 34.034074 seconds.
  path: Assets/CatController.cs
  artifactKey: Guid(42b98aa2ce31b2746b9199b8ca11d95e) Importer(815301076,1909f56bfc062723c751e8b465ee728b)
Start importing Assets/CatController.cs using Guid(42b98aa2ce31b2746b9199b8ca11d95e) Importer(815301076,1909f56bfc062723c751e8b465ee728b)  -> (artifact id: '3cf8abc419d435493dd095f6a1cb00bf') in 0.005677 seconds
  Import took 0.009266 seconds .

========================================================================
Received Import Request.
  Time since last request: 0.016293 seconds.
  path: Assets/CatController.cs
  artifactKey: Guid(42b98aa2ce31b2746b9199b8ca11d95e) Importer(815301076,1909f56bfc062723c751e8b465ee728b)
Start importing Assets/CatController.cs using Guid(42b98aa2ce31b2746b9199b8ca11d95e) Importer(815301076,1909f56bfc062723c751e8b465ee728b)  -> (artifact id: '3cf8abc419d435493dd095f6a1cb00bf') in 0.003101 seconds
  Import took 0.007444 seconds .

========================================================================
Received Prepare
Registering precompiled user dll's ...
Registered in 0.003456 seconds.
Begin MonoManager ReloadAssembly
Native extension for WindowsStandalone target not found
Native extension for WebGL target not found
Refreshing native plugins compatible for Editor in 0.46 ms, found 3 plugins.
Preloading 0 native plugins for Editor in 0.00 ms.
Mono: successfully reloaded assembly
- Completed reload, in  1.148 seconds
Platform modules already initialized, skipping
Refreshing native plugins compatible for Editor in 0.46 ms, found 3 plugins.
Preloading 0 native plugins for Editor in 0.00 ms.
Unloading 2076 Unused Serialized files (Serialized files now loaded: 0)
System memory in use before: 95.8 MB.
System memory in use after: 95.8 MB.

Unloading 21 unused Assets to reduce memory usage. Loaded Objects now: 2562.
Total: 3.268300 ms (FindLiveObjects: 0.211000 ms CreateObjectMapping: 0.082300 ms MarkObjects: 2.812300 ms  DeleteObjects: 0.160700 ms)

========================================================================
Received Import Request.
  Time since last request: 56.592903 seconds.
  path: Assets/ArrowController.cs
  artifactKey: Guid(2fdfe62e5c7a86443b6777d488a8491e) Importer(815301076,1909f56bfc062723c751e8b465ee728b)
Start importing Assets/ArrowController.cs using Guid(2fdfe62e5c7a86443b6777d488a8491e) Importer(815301076,1909f56bfc062723c751e8b465ee728b)  -> (artifact id: 'de4661a9007f8f7abfe77a6f669f771c') in 0.015183 seconds
  Import took 0.019529 seconds .

========================================================================
Received Prepare
Registering precompiled user dll's ...
Registered in 0.003443 seconds.
Begin MonoManager ReloadAssembly
Native extension for WindowsStandalone target not found
Native extension for WebGL target not found
Refreshing native plugins compatible for Editor in 0.46 ms, found 3 plugins.
Preloading 0 native plugins for Editor in 0.00 ms.
Mono: successfully reloaded assembly
- Completed reload, in  1.222 seconds
Platform modules already initialized, skipping
Refreshing native plugins compatible for Editor in 0.71 ms, found 3 plugins.
Preloading 0 native plugins for Editor in 0.00 ms.
Unloading 2077 Unused Serialized files (Serialized files now loaded: 0)
System memory in use before: 95.9 MB.
System memory in use after: 95.9 MB.

Unloading 21 unused Assets to reduce memory usage. Loaded Objects now: 2567.
Total: 3.109700 ms (FindLiveObjects: 0.226500 ms CreateObjectMapping: 0.069500 ms MarkObjects: 2.634600 ms  DeleteObjects: 0.177900 ms)

========================================================================
Received Import Request.
  Time since last request: 175.733955 seconds.
  path: Assets/ArrowController.cs
  artifactKey: Guid(2fdfe62e5c7a86443b6777d488a8491e) Importer(815301076,1909f56bfc062723c751e8b465ee728b)
Start importing Assets/ArrowController.cs using Guid(2fdfe62e5c7a86443b6777d488a8491e) Importer(815301076,1909f56bfc062723c751e8b465ee728b)  -> (artifact id: '27d4983e6d94c5fd4f36b2d6c03b05a9') in 0.009457 seconds
  Import took 0.018417 seconds .

========================================================================
Received Prepare
Registering precompiled user dll's ...
Registered in 0.003374 seconds.
Begin MonoManager ReloadAssembly
Native extension for WindowsStandalone target not found
Native extension for WebGL target not found
Refreshing native plugins compatible for Editor in 0.50 ms, found 3 plugins.
Preloading 0 native plugins for Editor in 0.00 ms.
Mono: successfully reloaded assembly
- Completed reload, in  1.538 seconds
Platform modules already initialized, skipping
Refreshing native plugins compatible for Editor in 0.50 ms, found 3 plugins.
Preloading 0 native plugins for Editor in 0.00 ms.
Unloading 2077 Unused Serialized files (Serialized files now loaded: 0)
System memory in use before: 95.9 MB.
System memory in use after: 95.9 MB.

Unloading 21 unused Assets to reduce memory usage. Loaded Objects now: 2571.
Total: 2.636600 ms (FindLiveObjects: 0.206800 ms CreateObjectMapping: 0.070600 ms MarkObjects: 2.176600 ms  DeleteObjects: 0.181600 ms)

========================================================================
Received Import Request.
  Time since last request: 22.658625 seconds.
  path: Assets/ArrowController.cs
  artifactKey: Guid(2fdfe62e5c7a86443b6777d488a8491e) Importer(815301076,1909f56bfc062723c751e8b465ee728b)
Start importing Assets/ArrowController.cs using Guid(2fdfe62e5c7a86443b6777d488a8491e) Importer(815301076,1909f56bfc062723c751e8b465ee728b)  -> (artifact id: '43fae40508b46d45b72d52bbac303b11') in 0.010050 seconds
  Import took 0.016581 seconds .

========================================================================
Received Import Request.
  Time since last request: 0.032913 seconds.
  path: Assets/ArrowController.cs
  artifactKey: Guid(2fdfe62e5c7a86443b6777d488a8491e) Importer(815301076,1909f56bfc062723c751e8b465ee728b)
Start importing Assets/ArrowController.cs using Guid(2fdfe62e5c7a86443b6777d488a8491e) Importer(815301076,1909f56bfc062723c751e8b465ee728b)  -> (artifact id: '43fae40508b46d45b72d52bbac303b11') in 0.003155 seconds
  Import took 0.010293 seconds .

========================================================================
Received Prepare
Registering precompiled user dll's ...
Registered in 0.003496 seconds.
Begin MonoManager ReloadAssembly
Native extension for WindowsStandalone target not found
Native extension for WebGL target not found
Refreshing native plugins compatible for Editor in 0.45 ms, found 3 plugins.
Preloading 0 native plugins for Editor in 0.00 ms.
Mono: successfully reloaded assembly
- Completed reload, in  1.208 seconds
Platform modules already initialized, skipping
Refreshing native plugins compatible for Editor in 0.46 ms, found 3 plugins.
Preloading 0 native plugins for Editor in 0.00 ms.
Unloading 2077 Unused Serialized files (Serialized files now loaded: 0)
System memory in use before: 95.9 MB.
System memory in use after: 95.9 MB.

Unloading 21 unused Assets to reduce memory usage. Loaded Objects now: 2575.
Total: 3.294700 ms (FindLiveObjects: 0.213800 ms CreateObjectMapping: 0.076500 ms MarkObjects: 2.838500 ms  DeleteObjects: 0.164700 ms)

========================================================================
Received Prepare
Registering precompiled user dll's ...
Registered in 0.003398 seconds.
Begin MonoManager ReloadAssembly
Native extension for WindowsStandalone target not found
Native extension for WebGL target not found
Refreshing native plugins compatible for Editor in 0.62 ms, found 3 plugins.
Preloading 0 native plugins for Editor in 0.00 ms.
Mono: successfully reloaded assembly
- Completed reload, in  1.197 seconds
Platform modules already initialized, skipping
Refreshing native plugins compatible for Editor in 0.49 ms, found 3 plugins.
Preloading 0 native plugins for Editor in 0.00 ms.
Unloading 2077 Unused Serialized files (Serialized files now loaded: 0)
System memory in use before: 95.9 MB.
System memory in use after: 95.9 MB.

Unloading 21 unused Assets to reduce memory usage. Loaded Objects now: 2579.
Total: 3.833800 ms (FindLiveObjects: 0.313400 ms CreateObjectMapping: 0.076900 ms MarkObjects: 3.249300 ms  DeleteObjects: 0.193100 ms)

========================================================================
Received Prepare
Registering precompiled user dll's ...
Registered in 0.004510 seconds.
Begin MonoManager ReloadAssembly
Native extension for WindowsStandalone target not found
Native extension for WebGL target not found
Refreshing native plugins compatible for Editor in 0.51 ms, found 3 plugins.
Preloading 0 native plugins for Editor in 0.00 ms.
Mono: successfully reloaded assembly
- Completed reload, in  1.350 seconds
Platform modules already initialized, skipping
Refreshing native plugins compatible for Editor in 0.46 ms, found 3 plugins.
Preloading 0 native plugins for Editor in 0.00 ms.
Unloading 2077 Unused Serialized files (Serialized files now loaded: 0)
System memory in use before: 95.9 MB.
System memory in use after: 95.9 MB.

Unloading 21 unused Assets to reduce memory usage. Loaded Objects now: 2583.
Total: 3.172800 ms (FindLiveObjects: 0.217600 ms CreateObjectMapping: 0.078700 ms MarkObjects: 2.688400 ms  DeleteObjects: 0.187100 ms)

========================================================================
Received Prepare
Registering precompiled user dll's ...
Registered in 0.003779 seconds.
Begin MonoManager ReloadAssembly
Native extension for WindowsStandalone target not found
Native extension for WebGL target not found
Refreshing native plugins compatible for Editor in 0.48 ms, found 3 plugins.
Preloading 0 native plugins for Editor in 0.00 ms.
Mono: successfully reloaded assembly
- Completed reload, in  1.255 seconds
Platform modules already initialized, skipping
Refreshing native plugins compatible for Editor in 0.49 ms, found 3 plugins.
Preloading 0 native plugins for Editor in 0.00 ms.
Unloading 2077 Unused Serialized files (Serialized files now loaded: 0)
System memory in use before: 95.9 MB.
System memory in use after: 95.9 MB.

Unloading 21 unused Assets to reduce memory usage. Loaded Objects now: 2587.
Total: 2.926000 ms (FindLiveObjects: 0.237100 ms CreateObjectMapping: 0.077300 ms MarkObjects: 2.348500 ms  DeleteObjects: 0.261900 ms)

========================================================================
Received Prepare
Registering precompiled user dll's ...
Registered in 0.004185 seconds.
Begin MonoManager ReloadAssembly
Native extension for WindowsStandalone target not found
Native extension for WebGL target not found
Refreshing native plugins compatible for Editor in 0.53 ms, found 3 plugins.
Preloading 0 native plugins for Editor in 0.00 ms.
Mono: successfully reloaded assembly
- Completed reload, in  3.108 seconds
Platform modules already initialized, skipping
Refreshing native plugins compatible for Editor in 0.56 ms, found 3 plugins.
Preloading 0 native plugins for Editor in 0.00 ms.
Unloading 2078 Unused Serialized files (Serialized files now loaded: 0)
System memory in use before: 96.0 MB.
System memory in use after: 95.9 MB.

Unloading 21 unused Assets to reduce memory usage. Loaded Objects now: 2592.
Total: 3.424400 ms (FindLiveObjects: 0.224600 ms CreateObjectMapping: 0.082300 ms MarkObjects: 2.951700 ms  DeleteObjects: 0.164700 ms)

========================================================================
Received Import Request.
  Time since last request: 382.326662 seconds.
  path: Assets/ArrowGenerator.cs
  artifactKey: Guid(c75bd2340f972b1449c6692977a41733) Importer(815301076,1909f56bfc062723c751e8b465ee728b)
Start importing Assets/ArrowGenerator.cs using Guid(c75bd2340f972b1449c6692977a41733) Importer(815301076,1909f56bfc062723c751e8b465ee728b)  -> (artifact id: '0a4758732b5c05a76fa53a37c5185fb9') in 0.009875 seconds
  Import took 0.013394 seconds .

========================================================================
Received Prepare
Registering precompiled user dll's ...
Registered in 0.003887 seconds.
Begin MonoManager ReloadAssembly
Native extension for WindowsStandalone target not found
Native extension for WebGL target not found
Refreshing native plugins compatible for Editor in 0.48 ms, found 3 plugins.
Preloading 0 native plugins for Editor in 0.00 ms.
Mono: successfully reloaded assembly
- Completed reload, in  1.242 seconds
Platform modules already initialized, skipping
Refreshing native plugins compatible for Editor in 0.47 ms, found 3 plugins.
Preloading 0 native plugins for Editor in 0.00 ms.
Unloading 2078 Unused Serialized files (Serialized files now loaded: 0)
System memory in use before: 96.0 MB.
System memory in use after: 95.9 MB.

Unloading 21 unused Assets to reduce memory usage. Loaded Objects now: 2596.
Total: 2.888400 ms (FindLiveObjects: 0.213200 ms CreateObjectMapping: 0.108800 ms MarkObjects: 2.415400 ms  DeleteObjects: 0.150200 ms)

========================================================================
Received Import Request.
  Time since last request: 191.474814 seconds.
  path: Assets/ArrowGenerator.cs
  artifactKey: Guid(c75bd2340f972b1449c6692977a41733) Importer(815301076,1909f56bfc062723c751e8b465ee728b)
Start importing Assets/ArrowGenerator.cs using Guid(c75bd2340f972b1449c6692977a41733) Importer(815301076,1909f56bfc062723c751e8b465ee728b)  -> (artifact id: 'f74dd40e33f773821b9f50a1a4e1d49b') in 0.007931 seconds
  Import took 0.013787 seconds .

========================================================================
Received Prepare
Registering precompiled user dll's ...
Registered in 0.003854 seconds.
Begin MonoManager ReloadAssembly
Native extension for WindowsStandalone target not found
Native extension for WebGL target not found
Refreshing native plugins compatible for Editor in 0.46 ms, found 3 plugins.
Preloading 0 native plugins for Editor in 0.00 ms.
Mono: successfully reloaded assembly
- Completed reload, in  1.311 seconds
Platform modules already initialized, skipping
Refreshing native plugins compatible for Editor in 0.47 ms, found 3 plugins.
Preloading 0 native plugins for Editor in 0.00 ms.
Unloading 2078 Unused Serialized files (Serialized files now loaded: 0)
System memory in use before: 96.0 MB.
System memory in use after: 96.0 MB.

Unloading 21 unused Assets to reduce memory usage. Loaded Objects now: 2600.
Total: 3.644200 ms (FindLiveObjects: 0.213300 ms CreateObjectMapping: 0.097900 ms MarkObjects: 3.162700 ms  DeleteObjects: 0.169000 ms)

========================================================================
Received Import Request.
  Time since last request: 40.782116 seconds.
  path: Assets/ArrowController.cs
  artifactKey: Guid(2fdfe62e5c7a86443b6777d488a8491e) Importer(815301076,1909f56bfc062723c751e8b465ee728b)
Start importing Assets/ArrowController.cs using Guid(2fdfe62e5c7a86443b6777d488a8491e) Importer(815301076,1909f56bfc062723c751e8b465ee728b)  -> (artifact id: '88fc86d7f23c6f47a8278db801c74135') in 0.014698 seconds
  Import took 0.019678 seconds .

========================================================================
Received Prepare
Registering precompiled user dll's ...
Registered in 0.003823 seconds.
Begin MonoManager ReloadAssembly
Native extension for WindowsStandalone target not found
Native extension for WebGL target not found
Refreshing native plugins compatible for Editor in 0.46 ms, found 3 plugins.
Preloading 0 native plugins for Editor in 0.00 ms.
Mono: successfully reloaded assembly
- Completed reload, in  1.184 seconds
Platform modules already initialized, skipping
Refreshing native plugins compatible for Editor in 0.50 ms, found 3 plugins.
Preloading 0 native plugins for Editor in 0.00 ms.
Unloading 2078 Unused Serialized files (Serialized files now loaded: 0)
System memory in use before: 96.0 MB.
System memory in use after: 96.0 MB.

Unloading 21 unused Assets to reduce memory usage. Loaded Objects now: 2604.
Total: 2.946000 ms (FindLiveObjects: 0.446300 ms CreateObjectMapping: 0.114900 ms MarkObjects: 2.207700 ms  DeleteObjects: 0.176000 ms)

========================================================================
Received Import Request.
  Time since last request: 77.687653 seconds.
  path: Assets/arrow.prefab
  artifactKey: Guid(47aea39b2705a114fa3d6903f2d7214d) Importer(815301076,1909f56bfc062723c751e8b465ee728b)
Start importing Assets/arrow.prefab using Guid(47aea39b2705a114fa3d6903f2d7214d) Importer(815301076,1909f56bfc062723c751e8b465ee728b)  -> (artifact id: 'ac722e40244f5f459b29bf4c97eb45d0') in 0.081215 seconds
  Import took 0.085313 seconds .

========================================================================
Received Prepare
Registering precompiled user dll's ...
Registered in 0.004282 seconds.
Begin MonoManager ReloadAssembly
Native extension for WindowsStandalone target not found
Native extension for WebGL target not found
Refreshing native plugins compatible for Editor in 0.47 ms, found 3 plugins.
Preloading 0 native plugins for Editor in 0.00 ms.
Mono: successfully reloaded assembly
- Completed reload, in  1.248 seconds
Platform modules already initialized, skipping
Refreshing native plugins compatible for Editor in 0.49 ms, found 3 plugins.
Preloading 0 native plugins for Editor in 0.00 ms.
Unloading 2078 Unused Serialized files (Serialized files now loaded: 0)
System memory in use before: 96.0 MB.
System memory in use after: 96.0 MB.

Unloading 21 unused Assets to reduce memory usage. Loaded Objects now: 2612.
Total: 3.577500 ms (FindLiveObjects: 0.328700 ms CreateObjectMapping: 0.211300 ms MarkObjects: 2.888400 ms  DeleteObjects: 0.147900 ms)

========================================================================
Received Prepare
Registering precompiled user dll's ...
Registered in 0.003663 seconds.
Begin MonoManager ReloadAssembly
Native extension for WindowsStandalone target not found
Native extension for WebGL target not found
Refreshing native plugins compatible for Editor in 0.82 ms, found 3 plugins.
Preloading 0 native plugins for Editor in 0.00 ms.
Mono: successfully reloaded assembly
- Completed reload, in  1.418 seconds
Platform modules already initialized, skipping
Refreshing native plugins compatible for Editor in 0.79 ms, found 3 plugins.
Preloading 0 native plugins for Editor in 0.00 ms.
Unloading 2078 Unused Serialized files (Serialized files now loaded: 0)
System memory in use before: 96.0 MB.
System memory in use after: 96.0 MB.

Unloading 21 unused Assets to reduce memory usage. Loaded Objects now: 2616.
Total: 4.778800 ms (FindLiveObjects: 0.568900 ms CreateObjectMapping: 0.210400 ms MarkObjects: 3.852000 ms  DeleteObjects: 0.145600 ms)

========================================================================
Received Import Request.
  Time since last request: 29.767898 seconds.
  path: Assets/arrow.prefab
  artifactKey: Guid(47aea39b2705a114fa3d6903f2d7214d) Importer(815301076,1909f56bfc062723c751e8b465ee728b)
Start importing Assets/arrow.prefab using Guid(47aea39b2705a114fa3d6903f2d7214d) Importer(815301076,1909f56bfc062723c751e8b465ee728b)  -> (artifact id: 'f16dea72bf19982101db38288b05704c') in 0.085974 seconds
  Import took 0.092452 seconds .

========================================================================
Received Prepare
Registering precompiled user dll's ...
Registered in 0.005369 seconds.
Begin MonoManager ReloadAssembly
Native extension for WindowsStandalone target not found
Native extension for WebGL target not found
Refreshing native plugins compatible for Editor in 0.47 ms, found 3 plugins.
Preloading 0 native plugins for Editor in 0.00 ms.
Mono: successfully reloaded assembly
- Completed reload, in  1.322 seconds
Platform modules already initialized, skipping
Refreshing native plugins compatible for Editor in 0.45 ms, found 3 plugins.
Preloading 0 native plugins for Editor in 0.00 ms.
Unloading 2078 Unused Serialized files (Serialized files now loaded: 0)
System memory in use before: 96.1 MB.
System memory in use after: 96.0 MB.

Unloading 21 unused Assets to reduce memory usage. Loaded Objects now: 2621.
Total: 3.027700 ms (FindLiveObjects: 0.259000 ms CreateObjectMapping: 0.110400 ms MarkObjects: 2.473500 ms  DeleteObjects: 0.183700 ms)

========================================================================
Received Prepare
Registering precompiled user dll's ...
Registered in 0.005104 seconds.
Begin MonoManager ReloadAssembly
Native extension for WindowsStandalone target not found
Native extension for WebGL target not found
Refreshing native plugins compatible for Editor in 0.61 ms, found 3 plugins.
Preloading 0 native plugins for Editor in 0.00 ms.
Mono: successfully reloaded assembly
- Completed reload, in  1.269 seconds
Platform modules already initialized, skipping
Refreshing native plugins compatible for Editor in 0.54 ms, found 3 plugins.
Preloading 0 native plugins for Editor in 0.00 ms.
Unloading 2078 Unused Serialized files (Serialized files now loaded: 0)
System memory in use before: 96.1 MB.
System memory in use after: 96.0 MB.

Unloading 21 unused Assets to reduce memory usage. Loaded Objects now: 2625.
Total: 3.877000 ms (FindLiveObjects: 0.284300 ms CreateObjectMapping: 0.082800 ms MarkObjects: 3.322600 ms  DeleteObjects: 0.186200 ms)

========================================================================
Received Prepare
Registering precompiled user dll's ...
Registered in 0.003864 seconds.
Begin MonoManager ReloadAssembly
Native extension for WindowsStandalone target not found
Native extension for WebGL target not found
Refreshing native plugins compatible for Editor in 0.72 ms, found 3 plugins.
Preloading 0 native plugins for Editor in 0.00 ms.
Mono: successfully reloaded assembly
- Completed reload, in  1.884 seconds
Platform modules already initialized, skipping
Refreshing native plugins compatible for Editor in 0.87 ms, found 3 plugins.
Preloading 0 native plugins for Editor in 0.00 ms.
Unloading 2078 Unused Serialized files (Serialized files now loaded: 0)
System memory in use before: 96.1 MB.
System memory in use after: 96.1 MB.

Unloading 21 unused Assets to reduce memory usage. Loaded Objects now: 2629.
Total: 4.529000 ms (FindLiveObjects: 0.675500 ms CreateObjectMapping: 0.317900 ms MarkObjects: 3.275400 ms  DeleteObjects: 0.257300 ms)

========================================================================
Received Import Request.
  Time since last request: 1054.159680 seconds.
  path: Assets/GameDirector.cs
  artifactKey: Guid(5c79d589f71f10746aa627d93e31b52b) Importer(815301076,1909f56bfc062723c751e8b465ee728b)
Start importing Assets/GameDirector.cs using Guid(5c79d589f71f10746aa627d93e31b52b) Importer(815301076,1909f56bfc062723c751e8b465ee728b)  -> (artifact id: 'c714f069bdd9c1c7cd80943e424dc22b') in 0.016630 seconds
  Import took 0.022985 seconds .

========================================================================
Received Prepare
Registering precompiled user dll's ...
Registered in 0.004066 seconds.
Begin MonoManager ReloadAssembly
Native extension for WindowsStandalone target not found
Native extension for WebGL target not found
Refreshing native plugins compatible for Editor in 0.49 ms, found 3 plugins.
Preloading 0 native plugins for Editor in 0.00 ms.
Mono: successfully reloaded assembly
- Completed reload, in  1.338 seconds
Platform modules already initialized, skipping
Refreshing native plugins compatible for Editor in 0.47 ms, found 3 plugins.
Preloading 0 native plugins for Editor in 0.00 ms.
Unloading 2079 Unused Serialized files (Serialized files now loaded: 0)
System memory in use before: 96.1 MB.
System memory in use after: 96.1 MB.

Unloading 21 unused Assets to reduce memory usage. Loaded Objects now: 2634.
Total: 3.355200 ms (FindLiveObjects: 0.553500 ms CreateObjectMapping: 0.125300 ms MarkObjects: 2.508900 ms  DeleteObjects: 0.166300 ms)

========================================================================
Received Prepare
Registering precompiled user dll's ...
Registered in 0.003983 seconds.
Begin MonoManager ReloadAssembly
Native extension for WindowsStandalone target not found
Native extension for WebGL target not found
Refreshing native plugins compatible for Editor in 0.47 ms, found 3 plugins.
Preloading 0 native plugins for Editor in 0.00 ms.
Mono: successfully reloaded assembly
- Completed reload, in  1.302 seconds
Platform modules already initialized, skipping
Refreshing native plugins compatible for Editor in 0.77 ms, found 3 plugins.
Preloading 0 native plugins for Editor in 0.00 ms.
Unloading 2079 Unused Serialized files (Serialized files now loaded: 0)
System memory in use before: 96.1 MB.
System memory in use after: 96.1 MB.

Unloading 21 unused Assets to reduce memory usage. Loaded Objects now: 2638.
Total: 3.320500 ms (FindLiveObjects: 0.251100 ms CreateObjectMapping: 0.083900 ms MarkObjects: 2.847500 ms  DeleteObjects: 0.136800 ms)

========================================================================
Received Import Request.
  Time since last request: 45.313754 seconds.
  path: Assets/GameDirector.cs
  artifactKey: Guid(5c79d589f71f10746aa627d93e31b52b) Importer(815301076,1909f56bfc062723c751e8b465ee728b)
Start importing Assets/GameDirector.cs using Guid(5c79d589f71f10746aa627d93e31b52b) Importer(815301076,1909f56bfc062723c751e8b465ee728b)  -> (artifact id: 'e802330c8aac0dbe9ebcf8d4128fdec5') in 0.007172 seconds
  Import took 0.011418 seconds .

========================================================================
Received Import Request.
  Time since last request: 9.517936 seconds.
  path: Assets/GameDirector.cs
  artifactKey: Guid(5c79d589f71f10746aa627d93e31b52b) Importer(815301076,1909f56bfc062723c751e8b465ee728b)
Start importing Assets/GameDirector.cs using Guid(5c79d589f71f10746aa627d93e31b52b) Importer(815301076,1909f56bfc062723c751e8b465ee728b)  -> (artifact id: '7256c4b916dc17a7e074ff38f8929596') in 0.003299 seconds
  Import took 0.009270 seconds .

========================================================================
Received Prepare
Registering precompiled user dll's ...
Registered in 0.004008 seconds.
Begin MonoManager ReloadAssembly
Native extension for WindowsStandalone target not found
Native extension for WebGL target not found
Refreshing native plugins compatible for Editor in 0.54 ms, found 3 plugins.
Preloading 0 native plugins for Editor in 0.00 ms.
Mono: successfully reloaded assembly
- Completed reload, in  1.458 seconds
Platform modules already initialized, skipping
Refreshing native plugins compatible for Editor in 0.47 ms, found 3 plugins.
Preloading 0 native plugins for Editor in 0.00 ms.
Unloading 2079 Unused Serialized files (Serialized files now loaded: 0)
System memory in use before: 96.1 MB.
System memory in use after: 96.1 MB.

Unloading 21 unused Assets to reduce memory usage. Loaded Objects now: 2642.
Total: 2.862000 ms (FindLiveObjects: 0.225900 ms CreateObjectMapping: 0.084100 ms MarkObjects: 2.334300 ms  DeleteObjects: 0.216800 ms)

========================================================================
Received Import Request.
  Time since last request: 25.738684 seconds.
  path: Assets/GameDirector.cs
  artifactKey: Guid(5c79d589f71f10746aa627d93e31b52b) Importer(815301076,1909f56bfc062723c751e8b465ee728b)
Start importing Assets/GameDirector.cs using Guid(5c79d589f71f10746aa627d93e31b52b) Importer(815301076,1909f56bfc062723c751e8b465ee728b)  -> (artifact id: '1c72faf509ace4a7f922091d63d3aea2') in 0.007188 seconds
  Import took 0.012579 seconds .

========================================================================
Received Import Request.
  Time since last request: 0.067432 seconds.
  path: Assets/GameDirector.cs
  artifactKey: Guid(5c79d589f71f10746aa627d93e31b52b) Importer(815301076,1909f56bfc062723c751e8b465ee728b)
Start importing Assets/GameDirector.cs using Guid(5c79d589f71f10746aa627d93e31b52b) Importer(815301076,1909f56bfc062723c751e8b465ee728b)  -> (artifact id: '1c72faf509ace4a7f922091d63d3aea2') in 0.002981 seconds
  Import took 0.007907 seconds .

========================================================================
Received Import Request.
  Time since last request: 38.157248 seconds.
  path: Assets/GameDirector.cs
  artifactKey: Guid(5c79d589f71f10746aa627d93e31b52b) Importer(815301076,1909f56bfc062723c751e8b465ee728b)
Start importing Assets/GameDirector.cs using Guid(5c79d589f71f10746aa627d93e31b52b) Importer(815301076,1909f56bfc062723c751e8b465ee728b)  -> (artifact id: '7a3e58643e400fd2e4a98320a862e5b3') in 0.003520 seconds
  Import took 0.008570 seconds .

========================================================================
Received Prepare
Registering precompiled user dll's ...
Registered in 0.004257 seconds.
Begin MonoManager ReloadAssembly
Native extension for WindowsStandalone target not found
Native extension for WebGL target not found
Refreshing native plugins compatible for Editor in 0.56 ms, found 3 plugins.
Preloading 0 native plugins for Editor in 0.00 ms.
Mono: successfully reloaded assembly
- Completed reload, in  1.493 seconds
Platform modules already initialized, skipping
Refreshing native plugins compatible for Editor in 0.75 ms, found 3 plugins.
Preloading 0 native plugins for Editor in 0.00 ms.
Unloading 2079 Unused Serialized files (Serialized files now loaded: 0)
System memory in use before: 96.1 MB.
System memory in use after: 96.1 MB.

Unloading 21 unused Assets to reduce memory usage. Loaded Objects now: 2646.
Total: 3.692000 ms (FindLiveObjects: 0.291200 ms CreateObjectMapping: 0.126900 ms MarkObjects: 3.098500 ms  DeleteObjects: 0.174100 ms)

========================================================================
Received Import Request.
  Time since last request: 121.833661 seconds.
  path: Assets/GameDirector.cs
  artifactKey: Guid(5c79d589f71f10746aa627d93e31b52b) Importer(815301076,1909f56bfc062723c751e8b465ee728b)
Start importing Assets/GameDirector.cs using Guid(5c79d589f71f10746aa627d93e31b52b) Importer(815301076,1909f56bfc062723c751e8b465ee728b)  -> (artifact id: '9499dc7083f049729cefbbf3648da61d') in 0.009213 seconds
  Import took 0.014528 seconds .

========================================================================
Received Import Request.
  Time since last request: 0.066350 seconds.
  path: Assets/GameDirector.cs
  artifactKey: Guid(5c79d589f71f10746aa627d93e31b52b) Importer(815301076,1909f56bfc062723c751e8b465ee728b)
Start importing Assets/GameDirector.cs using Guid(5c79d589f71f10746aa627d93e31b52b) Importer(815301076,1909f56bfc062723c751e8b465ee728b)  -> (artifact id: '9499dc7083f049729cefbbf3648da61d') in 0.002697 seconds
  Import took 0.034068 seconds .

========================================================================
Received Prepare
Registering precompiled user dll's ...
Registered in 0.004787 seconds.
Begin MonoManager ReloadAssembly
Native extension for WindowsStandalone target not found
Native extension for WebGL target not found
Refreshing native plugins compatible for Editor in 0.45 ms, found 3 plugins.
Preloading 0 native plugins for Editor in 0.00 ms.
Mono: successfully reloaded assembly
- Completed reload, in  1.361 seconds
Platform modules already initialized, skipping
Refreshing native plugins compatible for Editor in 0.50 ms, found 3 plugins.
Preloading 0 native plugins for Editor in 0.00 ms.
Unloading 2079 Unused Serialized files (Serialized files now loaded: 0)
System memory in use before: 96.1 MB.
System memory in use after: 96.1 MB.

Unloading 21 unused Assets to reduce memory usage. Loaded Objects now: 2650.
Total: 3.168700 ms (FindLiveObjects: 0.224900 ms CreateObjectMapping: 0.154500 ms MarkObjects: 2.631700 ms  DeleteObjects: 0.156700 ms)

========================================================================
Received Prepare
Registering precompiled user dll's ...
Registered in 0.005374 seconds.
Begin MonoManager ReloadAssembly
Native extension for WindowsStandalone target not found
Native extension for WebGL target not found
Refreshing native plugins compatible for Editor in 0.47 ms, found 3 plugins.
Preloading 0 native plugins for Editor in 0.00 ms.
Mono: successfully reloaded assembly
- Completed reload, in  1.328 seconds
Platform modules already initialized, skipping
Refreshing native plugins compatible for Editor in 0.60 ms, found 3 plugins.
Preloading 0 native plugins for Editor in 0.00 ms.
Unloading 2079 Unused Serialized files (Serialized files now loaded: 0)
System memory in use before: 96.1 MB.
System memory in use after: 96.1 MB.

Unloading 21 unused Assets to reduce memory usage. Loaded Objects now: 2654.
Total: 3.214300 ms (FindLiveObjects: 0.445200 ms CreateObjectMapping: 0.092900 ms MarkObjects: 2.473300 ms  DeleteObjects: 0.202000 ms)

========================================================================
Received Prepare
Registering precompiled user dll's ...
Registered in 0.004111 seconds.
Begin MonoManager ReloadAssembly
Native extension for WindowsStandalone target not found
Native extension for WebGL target not found
Refreshing native plugins compatible for Editor in 0.50 ms, found 3 plugins.
Preloading 0 native plugins for Editor in 0.00 ms.
Mono: successfully reloaded assembly
- Completed reload, in  1.363 seconds
Platform modules already initialized, skipping
Refreshing native plugins compatible for Editor in 0.53 ms, found 3 plugins.
Preloading 0 native plugins for Editor in 0.00 ms.
Unloading 2079 Unused Serialized files (Serialized files now loaded: 0)
System memory in use before: 96.1 MB.
System memory in use after: 96.1 MB.

Unloading 21 unused Assets to reduce memory usage. Loaded Objects now: 2658.
Total: 3.009600 ms (FindLiveObjects: 0.281500 ms CreateObjectMapping: 0.098300 ms MarkObjects: 2.453600 ms  DeleteObjects: 0.174900 ms)

========================================================================
Received Prepare
Registering precompiled user dll's ...
Registered in 0.003457 seconds.
Begin MonoManager ReloadAssembly
Native extension for WindowsStandalone target not found
Native extension for WebGL target not found
Refreshing native plugins compatible for Editor in 0.54 ms, found 3 plugins.
Preloading 0 native plugins for Editor in 0.00 ms.
Mono: successfully reloaded assembly
- Completed reload, in  1.280 seconds
Platform modules already initialized, skipping
Refreshing native plugins compatible for Editor in 0.50 ms, found 3 plugins.
Preloading 0 native plugins for Editor in 0.00 ms.
Unloading 2079 Unused Serialized files (Serialized files now loaded: 0)
System memory in use before: 96.2 MB.
System memory in use after: 96.1 MB.

Unloading 21 unused Assets to reduce memory usage. Loaded Objects now: 2662.
Total: 2.949700 ms (FindLiveObjects: 0.234600 ms CreateObjectMapping: 0.080800 ms MarkObjects: 2.470500 ms  DeleteObjects: 0.163000 ms)

========================================================================
Received Prepare
Registering precompiled user dll's ...
Registered in 0.003855 seconds.
Begin MonoManager ReloadAssembly
Native extension for WindowsStandalone target not found
Native extension for WebGL target not found
Refreshing native plugins compatible for Editor in 0.46 ms, found 3 plugins.
Preloading 0 native plugins for Editor in 0.00 ms.
Mono: successfully reloaded assembly
- Completed reload, in  1.313 seconds
Platform modules already initialized, skipping
Refreshing native plugins compatible for Editor in 0.51 ms, found 3 plugins.
Preloading 0 native plugins for Editor in 0.00 ms.
Unloading 2079 Unused Serialized files (Serialized files now loaded: 0)
System memory in use before: 96.2 MB.
System memory in use after: 96.1 MB.

Unloading 21 unused Assets to reduce memory usage. Loaded Objects now: 2666.
Total: 3.078200 ms (FindLiveObjects: 0.298800 ms CreateObjectMapping: 0.100200 ms MarkObjects: 2.513000 ms  DeleteObjects: 0.164400 ms)

========================================================================
Received Prepare
Registering precompiled user dll's ...
Registered in 0.003698 seconds.
Begin MonoManager ReloadAssembly
Native extension for WindowsStandalone target not found
Native extension for WebGL target not found
Refreshing native plugins compatible for Editor in 0.47 ms, found 3 plugins.
Preloading 0 native plugins for Editor in 0.00 ms.
Mono: successfully reloaded assembly
- Completed reload, in  1.477 seconds
Platform modules already initialized, skipping
Refreshing native plugins compatible for Editor in 1.17 ms, found 3 plugins.
Preloading 0 native plugins for Editor in 0.00 ms.
Unloading 2079 Unused Serialized files (Serialized files now loaded: 0)
System memory in use before: 96.2 MB.
System memory in use after: 96.2 MB.

Unloading 21 unused Assets to reduce memory usage. Loaded Objects now: 2670.
Total: 5.797400 ms (FindLiveObjects: 0.247100 ms CreateObjectMapping: 0.097900 ms MarkObjects: 5.183100 ms  DeleteObjects: 0.267000 ms)

========================================================================
Received Import Request.
  Time since last request: 110.339450 seconds.
  path: Assets/ArrowController.cs
  artifactKey: Guid(2fdfe62e5c7a86443b6777d488a8491e) Importer(815301076,1909f56bfc062723c751e8b465ee728b)
Start importing Assets/ArrowController.cs using Guid(2fdfe62e5c7a86443b6777d488a8491e) Importer(815301076,1909f56bfc062723c751e8b465ee728b)  -> (artifact id: '251de20a667b41b7069c372c1f83cff8') in 0.006633 seconds
  Import took 0.011762 seconds .

========================================================================
Received Import Request.
  Time since last request: 0.035663 seconds.
  path: Assets/ArrowController.cs
  artifactKey: Guid(2fdfe62e5c7a86443b6777d488a8491e) Importer(815301076,1909f56bfc062723c751e8b465ee728b)
Start importing Assets/ArrowController.cs using Guid(2fdfe62e5c7a86443b6777d488a8491e) Importer(815301076,1909f56bfc062723c751e8b465ee728b)  -> (artifact id: '251de20a667b41b7069c372c1f83cff8') in 0.003659 seconds
  Import took 0.008142 seconds .

========================================================================
Received Import Request.
  Time since last request: 3.441142 seconds.
  path: Assets/GameDirector.cs
  artifactKey: Guid(5c79d589f71f10746aa627d93e31b52b) Importer(815301076,1909f56bfc062723c751e8b465ee728b)
Start importing Assets/GameDirector.cs using Guid(5c79d589f71f10746aa627d93e31b52b) Importer(815301076,1909f56bfc062723c751e8b465ee728b)  -> (artifact id: 'bf64986314e39e2053e04e9b6806f0e8') in 0.002205 seconds
  Import took 0.005815 seconds .

========================================================================
Received Import Request.
  Time since last request: 0.001813 seconds.
  path: Assets/GameDirector.cs
  artifactKey: Guid(5c79d589f71f10746aa627d93e31b52b) Importer(815301076,1909f56bfc062723c751e8b465ee728b)
Start importing Assets/GameDirector.cs using Guid(5c79d589f71f10746aa627d93e31b52b) Importer(815301076,1909f56bfc062723c751e8b465ee728b)  -> (artifact id: 'bf64986314e39e2053e04e9b6806f0e8') in 0.002498 seconds
  Import took 0.007331 seconds .

========================================================================
Received Prepare
Registering precompiled user dll's ...
Registered in 0.003734 seconds.
Begin MonoManager ReloadAssembly
Native extension for WindowsStandalone target not found
Native extension for WebGL target not found
Refreshing native plugins compatible for Editor in 0.46 ms, found 3 plugins.
Preloading 0 native plugins for Editor in 0.00 ms.
Mono: successfully reloaded assembly
- Completed reload, in  1.298 seconds
Platform modules already initialized, skipping
Refreshing native plugins compatible for Editor in 0.73 ms, found 3 plugins.
Preloading 0 native plugins for Editor in 0.00 ms.
Unloading 2079 Unused Serialized files (Serialized files now loaded: 0)
System memory in use before: 96.2 MB.
System memory in use after: 96.2 MB.

Unloading 21 unused Assets to reduce memory usage. Loaded Objects now: 2674.
Total: 3.512700 ms (FindLiveObjects: 0.232500 ms CreateObjectMapping: 0.087500 ms MarkObjects: 3.042900 ms  DeleteObjects: 0.148600 ms)

========================================================================
Received Prepare
Registering precompiled user dll's ...
Registered in 0.003589 seconds.
Begin MonoManager ReloadAssembly
Native extension for WindowsStandalone target not found
Native extension for WebGL target not found
Refreshing native plugins compatible for Editor in 0.94 ms, found 3 plugins.
Preloading 0 native plugins for Editor in 0.00 ms.
Mono: successfully reloaded assembly
- Completed reload, in  1.343 seconds
Platform modules already initialized, skipping
Refreshing native plugins compatible for Editor in 0.50 ms, found 3 plugins.
Preloading 0 native plugins for Editor in 0.00 ms.
Unloading 2079 Unused Serialized files (Serialized files now loaded: 0)
System memory in use before: 96.2 MB.
System memory in use after: 96.2 MB.

Unloading 21 unused Assets to reduce memory usage. Loaded Objects now: 2678.
Total: 4.488700 ms (FindLiveObjects: 0.407100 ms CreateObjectMapping: 0.221900 ms MarkObjects: 3.524500 ms  DeleteObjects: 0.333800 ms)

========================================================================
Received Import Request.
  Time since last request: 32.906688 seconds.
  path: Assets/ArrowController.cs
  artifactKey: Guid(2fdfe62e5c7a86443b6777d488a8491e) Importer(815301076,1909f56bfc062723c751e8b465ee728b)
Start importing Assets/ArrowController.cs using Guid(2fdfe62e5c7a86443b6777d488a8491e) Importer(815301076,1909f56bfc062723c751e8b465ee728b)  -> (artifact id: '902a44d49efda6fa64d7538dc42a307c') in 0.005558 seconds
  Import took 0.011787 seconds .

========================================================================
Received Prepare
Registering precompiled user dll's ...
Registered in 0.005348 seconds.
Begin MonoManager ReloadAssembly
Native extension for WindowsStandalone target not found
Native extension for WebGL target not found
Refreshing native plugins compatible for Editor in 1.03 ms, found 3 plugins.
Preloading 0 native plugins for Editor in 0.00 ms.
Mono: successfully reloaded assembly
- Completed reload, in  1.262 seconds
Platform modules already initialized, skipping
Refreshing native plugins compatible for Editor in 0.45 ms, found 3 plugins.
Preloading 0 native plugins for Editor in 0.00 ms.
Unloading 2079 Unused Serialized files (Serialized files now loaded: 0)
System memory in use before: 96.2 MB.
System memory in use after: 96.2 MB.

Unloading 21 unused Assets to reduce memory usage. Loaded Objects now: 2682.
Total: 2.813000 ms (FindLiveObjects: 0.231300 ms CreateObjectMapping: 0.086200 ms MarkObjects: 2.337700 ms  DeleteObjects: 0.156300 ms)

========================================================================
Received Import Request.
  Time since last request: 33.607100 seconds.
  path: Assets/ArrowController.cs
  artifactKey: Guid(2fdfe62e5c7a86443b6777d488a8491e) Importer(815301076,1909f56bfc062723c751e8b465ee728b)
Start importing Assets/ArrowController.cs using Guid(2fdfe62e5c7a86443b6777d488a8491e) Importer(815301076,1909f56bfc062723c751e8b465ee728b)  -> (artifact id: 'ebc94f933f965388e33ac791f643bd6e') in 0.005842 seconds
  Import took 0.011238 seconds .

========================================================================
Received Import Request.
  Time since last request: 0.004447 seconds.
  path: Assets/ArrowController.cs
  artifactKey: Guid(2fdfe62e5c7a86443b6777d488a8491e) Importer(815301076,1909f56bfc062723c751e8b465ee728b)
Start importing Assets/ArrowController.cs using Guid(2fdfe62e5c7a86443b6777d488a8491e) Importer(815301076,1909f56bfc062723c751e8b465ee728b)  -> (artifact id: 'ebc94f933f965388e33ac791f643bd6e') in 0.002677 seconds
  Import took 0.006570 seconds .

========================================================================
Received Prepare
Registering precompiled user dll's ...
Registered in 0.003549 seconds.
Begin MonoManager ReloadAssembly
Native extension for WindowsStandalone target not found
Native extension for WebGL target not found
Refreshing native plugins compatible for Editor in 0.46 ms, found 3 plugins.
Preloading 0 native plugins for Editor in 0.00 ms.
Mono: successfully reloaded assembly
- Completed reload, in  1.206 seconds
Platform modules already initialized, skipping
Refreshing native plugins compatible for Editor in 0.57 ms, found 3 plugins.
Preloading 0 native plugins for Editor in 0.00 ms.
Unloading 2079 Unused Serialized files (Serialized files now loaded: 0)
System memory in use before: 96.2 MB.
System memory in use after: 96.2 MB.

Unloading 21 unused Assets to reduce memory usage. Loaded Objects now: 2686.
Total: 3.089700 ms (FindLiveObjects: 0.340100 ms CreateObjectMapping: 0.146000 ms MarkObjects: 2.421400 ms  DeleteObjects: 0.180900 ms)

========================================================================
Received Prepare
Registering precompiled user dll's ...
Registered in 0.005800 seconds.
Begin MonoManager ReloadAssembly
Native extension for WindowsStandalone target not found
Native extension for WebGL target not found
Refreshing native plugins compatible for Editor in 0.51 ms, found 3 plugins.
Preloading 0 native plugins for Editor in 0.00 ms.
Mono: successfully reloaded assembly
- Completed reload, in  1.297 seconds
Platform modules already initialized, skipping
Refreshing native plugins compatible for Editor in 0.53 ms, found 3 plugins.
Preloading 0 native plugins for Editor in 0.00 ms.
Unloading 2079 Unused Serialized files (Serialized files now loaded: 0)
System memory in use before: 96.2 MB.
System memory in use after: 96.2 MB.

Unloading 21 unused Assets to reduce memory usage. Loaded Objects now: 2690.
Total: 2.978000 ms (FindLiveObjects: 0.237700 ms CreateObjectMapping: 0.079900 ms MarkObjects: 2.498000 ms  DeleteObjects: 0.161500 ms)

========================================================================
Received Import Request.
  Time since last request: 75.645755 seconds.
  path: Assets/ArrowController.cs
  artifactKey: Guid(2fdfe62e5c7a86443b6777d488a8491e) Importer(815301076,1909f56bfc062723c751e8b465ee728b)
Start importing Assets/ArrowController.cs using Guid(2fdfe62e5c7a86443b6777d488a8491e) Importer(815301076,1909f56bfc062723c751e8b465ee728b)  -> (artifact id: 'a0964a65044e5e7f6de79f40a3ee846e') in 0.005761 seconds
  Import took 0.010538 seconds .

========================================================================
Received Prepare
Registering precompiled user dll's ...
Registered in 0.008834 seconds.
Begin MonoManager ReloadAssembly
Native extension for WindowsStandalone target not found
Native extension for WebGL target not found
Refreshing native plugins compatible for Editor in 0.45 ms, found 3 plugins.
Preloading 0 native plugins for Editor in 0.00 ms.
Mono: successfully reloaded assembly
- Completed reload, in  1.268 seconds
Platform modules already initialized, skipping
Refreshing native plugins compatible for Editor in 0.61 ms, found 3 plugins.
Preloading 0 native plugins for Editor in 0.00 ms.
Unloading 2079 Unused Serialized files (Serialized files now loaded: 0)
System memory in use before: 96.2 MB.
System memory in use after: 96.2 MB.

Unloading 21 unused Assets to reduce memory usage. Loaded Objects now: 2694.
Total: 2.782600 ms (FindLiveObjects: 0.226700 ms CreateObjectMapping: 0.074200 ms MarkObjects: 2.320900 ms  DeleteObjects: 0.159600 ms)

========================================================================
Received Import Request.
  Time since last request: 259.354691 seconds.
  path: Assets/ArrowGenerator.cs
  artifactKey: Guid(c75bd2340f972b1449c6692977a41733) Importer(815301076,1909f56bfc062723c751e8b465ee728b)
Start importing Assets/ArrowGenerator.cs using Guid(c75bd2340f972b1449c6692977a41733) Importer(815301076,1909f56bfc062723c751e8b465ee728b)  -> (artifact id: '628be7dbac2b934c3df51159854fbdaf') in 0.006757 seconds
  Import took 0.011499 seconds .

========================================================================
Received Import Request.
  Time since last request: 0.001910 seconds.
  path: Assets/ArrowGenerator.cs
  artifactKey: Guid(c75bd2340f972b1449c6692977a41733) Importer(815301076,1909f56bfc062723c751e8b465ee728b)
Start importing Assets/ArrowGenerator.cs using Guid(c75bd2340f972b1449c6692977a41733) Importer(815301076,1909f56bfc062723c751e8b465ee728b)  -> (artifact id: '628be7dbac2b934c3df51159854fbdaf') in 0.003251 seconds
  Import took 0.007872 seconds .

========================================================================
Received Import Request.
  Time since last request: 0.536894 seconds.
  path: Assets/CatController.cs
  artifactKey: Guid(42b98aa2ce31b2746b9199b8ca11d95e) Importer(815301076,1909f56bfc062723c751e8b465ee728b)
Start importing Assets/CatController.cs using Guid(42b98aa2ce31b2746b9199b8ca11d95e) Importer(815301076,1909f56bfc062723c751e8b465ee728b)  -> (artifact id: '1a0b265eb15de735e5217411a973bc09') in 0.011172 seconds
  Import took 0.015813 seconds .

========================================================================
Received Import Request.
  Time since last request: 0.003573 seconds.
  path: Assets/CatController.cs
  artifactKey: Guid(42b98aa2ce31b2746b9199b8ca11d95e) Importer(815301076,1909f56bfc062723c751e8b465ee728b)
Start importing Assets/CatController.cs using Guid(42b98aa2ce31b2746b9199b8ca11d95e) Importer(815301076,1909f56bfc062723c751e8b465ee728b)  -> (artifact id: '1a0b265eb15de735e5217411a973bc09') in 0.002523 seconds
  Import took 0.007383 seconds .

========================================================================
Received Prepare
Registering precompiled user dll's ...
Registered in 0.005962 seconds.
Begin MonoManager ReloadAssembly
Native extension for WindowsStandalone target not found
Native extension for WebGL target not found
Refreshing native plugins compatible for Editor in 0.67 ms, found 3 plugins.
Preloading 0 native plugins for Editor in 0.00 ms.
Mono: successfully reloaded assembly
- Completed reload, in  1.302 seconds
Platform modules already initialized, skipping
Refreshing native plugins compatible for Editor in 0.55 ms, found 3 plugins.
Preloading 0 native plugins for Editor in 0.00 ms.
Unloading 2079 Unused Serialized files (Serialized files now loaded: 0)
System memory in use before: 96.2 MB.
System memory in use after: 96.2 MB.

Unloading 21 unused Assets to reduce memory usage. Loaded Objects now: 2698.
Total: 3.954400 ms (FindLiveObjects: 0.476000 ms CreateObjectMapping: 0.148900 ms MarkObjects: 3.168500 ms  DeleteObjects: 0.159500 ms)

========================================================================
Received Import Request.
  Time since last request: 83.736709 seconds.
  path: Assets/CatController.cs
  artifactKey: Guid(42b98aa2ce31b2746b9199b8ca11d95e) Importer(815301076,1909f56bfc062723c751e8b465ee728b)
Start importing Assets/CatController.cs using Guid(42b98aa2ce31b2746b9199b8ca11d95e) Importer(815301076,1909f56bfc062723c751e8b465ee728b)  -> (artifact id: '9697c0398c1bfbda61e2ece565589312') in 0.009435 seconds
  Import took 0.015525 seconds .

========================================================================
Received Prepare
Registering precompiled user dll's ...
Registered in 0.004473 seconds.
Begin MonoManager ReloadAssembly
Native extension for WindowsStandalone target not found
Native extension for WebGL target not found
Refreshing native plugins compatible for Editor in 0.47 ms, found 3 plugins.
Preloading 0 native plugins for Editor in 0.00 ms.
Mono: successfully reloaded assembly
- Completed reload, in  1.238 seconds
Platform modules already initialized, skipping
Refreshing native plugins compatible for Editor in 0.53 ms, found 3 plugins.
Preloading 0 native plugins for Editor in 0.00 ms.
Unloading 2079 Unused Serialized files (Serialized files now loaded: 0)
System memory in use before: 96.2 MB.
System memory in use after: 96.2 MB.

Unloading 21 unused Assets to reduce memory usage. Loaded Objects now: 2702.
Total: 3.290400 ms (FindLiveObjects: 0.235300 ms CreateObjectMapping: 0.086600 ms MarkObjects: 2.822700 ms  DeleteObjects: 0.144600 ms)

========================================================================
Received Prepare
Registering precompiled user dll's ...
Registered in 0.003598 seconds.
Begin MonoManager ReloadAssembly
Native extension for WindowsStandalone target not found
Native extension for WebGL target not found
Refreshing native plugins compatible for Editor in 0.82 ms, found 3 plugins.
Preloading 0 native plugins for Editor in 0.00 ms.
Mono: successfully reloaded assembly
- Completed reload, in  1.313 seconds
Platform modules already initialized, skipping
Refreshing native plugins compatible for Editor in 0.51 ms, found 3 plugins.
Preloading 0 native plugins for Editor in 0.00 ms.
Unloading 2079 Unused Serialized files (Serialized files now loaded: 0)
System memory in use before: 96.3 MB.
System memory in use after: 96.2 MB.

Unloading 21 unused Assets to reduce memory usage. Loaded Objects now: 2706.
Total: 4.127200 ms (FindLiveObjects: 0.673400 ms CreateObjectMapping: 0.203300 ms MarkObjects: 3.085500 ms  DeleteObjects: 0.163500 ms)

========================================================================
Received Prepare
Registering precompiled user dll's ...
Registered in 0.003720 seconds.
Begin MonoManager ReloadAssembly
Native extension for WindowsStandalone target not found
Native extension for WebGL target not found
Refreshing native plugins compatible for Editor in 0.56 ms, found 3 plugins.
Preloading 0 native plugins for Editor in 0.00 ms.
Mono: successfully reloaded assembly
- Completed reload, in  1.349 seconds
Platform modules already initialized, skipping
Refreshing native plugins compatible for Editor in 0.54 ms, found 3 plugins.
Preloading 0 native plugins for Editor in 0.00 ms.
Unloading 2079 Unused Serialized files (Serialized files now loaded: 0)
System memory in use before: 96.4 MB.
System memory in use after: 96.3 MB.

Unloading 21 unused Assets to reduce memory usage. Loaded Objects now: 2710.
Total: 3.415700 ms (FindLiveObjects: 0.249000 ms CreateObjectMapping: 0.216400 ms MarkObjects: 2.760400 ms  DeleteObjects: 0.188800 ms)

========================================================================
Received Prepare
Registering precompiled user dll's ...
Registered in 0.004087 seconds.
Begin MonoManager ReloadAssembly
Native extension for WindowsStandalone target not found
Native extension for WebGL target not found
Refreshing native plugins compatible for Editor in 0.67 ms, found 3 plugins.
Preloading 0 native plugins for Editor in 0.00 ms.
Mono: successfully reloaded assembly
- Completed reload, in  1.368 seconds
Platform modules already initialized, skipping
Refreshing native plugins compatible for Editor in 0.85 ms, found 3 plugins.
Preloading 0 native plugins for Editor in 0.00 ms.
Unloading 2079 Unused Serialized files (Serialized files now loaded: 0)
System memory in use before: 96.4 MB.
System memory in use after: 96.3 MB.

Unloading 21 unused Assets to reduce memory usage. Loaded Objects now: 2714.
Total: 4.268500 ms (FindLiveObjects: 0.370600 ms CreateObjectMapping: 0.107000 ms MarkObjects: 3.652600 ms  DeleteObjects: 0.136800 ms)

========================================================================
Received Prepare
Registering precompiled user dll's ...
Registered in 0.005290 seconds.
Begin MonoManager ReloadAssembly
Native extension for WindowsStandalone target not found
Native extension for WebGL target not found
Refreshing native plugins compatible for Editor in 0.52 ms, found 3 plugins.
Preloading 0 native plugins for Editor in 0.00 ms.
Mono: successfully reloaded assembly
- Completed reload, in  1.364 seconds
Platform modules already initialized, skipping
Refreshing native plugins compatible for Editor in 0.48 ms, found 3 plugins.
Preloading 0 native plugins for Editor in 0.00 ms.
Unloading 2079 Unused Serialized files (Serialized files now loaded: 0)
System memory in use before: 96.4 MB.
System memory in use after: 96.4 MB.

Unloading 21 unused Assets to reduce memory usage. Loaded Objects now: 2718.
Total: 3.567100 ms (FindLiveObjects: 0.400800 ms CreateObjectMapping: 0.174400 ms MarkObjects: 2.837900 ms  DeleteObjects: 0.152400 ms)

========================================================================
Received Prepare
Registering precompiled user dll's ...
Registered in 0.004886 seconds.
Begin MonoManager ReloadAssembly
Native extension for WindowsStandalone target not found
Native extension for WebGL target not found
Refreshing native plugins compatible for Editor in 0.49 ms, found 3 plugins.
Preloading 0 native plugins for Editor in 0.00 ms.
Mono: successfully reloaded assembly
- Completed reload, in  1.412 seconds
Platform modules already initialized, skipping
Refreshing native plugins compatible for Editor in 0.55 ms, found 3 plugins.
Preloading 0 native plugins for Editor in 0.00 ms.
Unloading 2079 Unused Serialized files (Serialized files now loaded: 0)
System memory in use before: 96.4 MB.
System memory in use after: 96.5 MB.

Unloading 21 unused Assets to reduce memory usage. Loaded Objects now: 2722.
Total: 3.868100 ms (FindLiveObjects: 0.446700 ms CreateObjectMapping: 0.193000 ms MarkObjects: 3.072500 ms  DeleteObjects: 0.154200 ms)

========================================================================
Received Prepare
Registering precompiled user dll's ...
Registered in 0.003588 seconds.
Begin MonoManager ReloadAssembly
Native extension for WindowsStandalone target not found
Native extension for WebGL target not found
Refreshing native plugins compatible for Editor in 0.55 ms, found 3 plugins.
Preloading 0 native plugins for Editor in 0.00 ms.
Mono: successfully reloaded assembly
- Completed reload, in  1.297 seconds
Platform modules already initialized, skipping
Refreshing native plugins compatible for Editor in 0.63 ms, found 3 plugins.
Preloading 0 native plugins for Editor in 0.00 ms.
Unloading 2079 Unused Serialized files (Serialized files now loaded: 0)
System memory in use before: 96.4 MB.
System memory in use after: 96.5 MB.

Unloading 21 unused Assets to reduce memory usage. Loaded Objects now: 2726.
Total: 3.981500 ms (FindLiveObjects: 0.466900 ms CreateObjectMapping: 0.167700 ms MarkObjects: 3.156900 ms  DeleteObjects: 0.167400 ms)

========================================================================
Received Prepare
Registering precompiled user dll's ...
Registered in 0.004608 seconds.
Begin MonoManager ReloadAssembly
Native extension for WindowsStandalone target not found
Native extension for WebGL target not found
Refreshing native plugins compatible for Editor in 0.49 ms, found 3 plugins.
Preloading 0 native plugins for Editor in 0.00 ms.
Mono: successfully reloaded assembly
- Completed reload, in  1.141 seconds
Platform modules already initialized, skipping
Refreshing native plugins compatible for Editor in 0.46 ms, found 3 plugins.
Preloading 0 native plugins for Editor in 0.00 ms.
Unloading 2079 Unused Serialized files (Serialized files now loaded: 0)
System memory in use before: 96.4 MB.
System memory in use after: 96.5 MB.

Unloading 21 unused Assets to reduce memory usage. Loaded Objects now: 2730.
Total: 2.830900 ms (FindLiveObjects: 0.266100 ms CreateObjectMapping: 0.095100 ms MarkObjects: 2.284600 ms  DeleteObjects: 0.184300 ms)

========================================================================
Received Prepare
Registering precompiled user dll's ...
Registered in 0.004160 seconds.
Begin MonoManager ReloadAssembly
Native extension for WindowsStandalone target not found
Native extension for WebGL target not found
Refreshing native plugins compatible for Editor in 0.60 ms, found 3 plugins.
Preloading 0 native plugins for Editor in 0.00 ms.
Mono: successfully reloaded assembly
- Completed reload, in  1.382 seconds
Platform modules already initialized, skipping
Refreshing native plugins compatible for Editor in 0.51 ms, found 3 plugins.
Preloading 0 native plugins for Editor in 0.00 ms.
Unloading 2079 Unused Serialized files (Serialized files now loaded: 0)
System memory in use before: 96.4 MB.
System memory in use after: 96.5 MB.

Unloading 21 unused Assets to reduce memory usage. Loaded Objects now: 2734.
Total: 3.760700 ms (FindLiveObjects: 0.321700 ms CreateObjectMapping: 0.157500 ms MarkObjects: 3.136300 ms  DeleteObjects: 0.143700 ms)

========================================================================
Received Prepare
Registering precompiled user dll's ...
Registered in 0.005118 seconds.
Begin MonoManager ReloadAssembly
Native extension for WindowsStandalone target not found
Native extension for WebGL target not found
Refreshing native plugins compatible for Editor in 0.80 ms, found 3 plugins.
Preloading 0 native plugins for Editor in 0.00 ms.
Mono: successfully reloaded assembly
- Completed reload, in  1.352 seconds
Platform modules already initialized, skipping
Refreshing native plugins compatible for Editor in 0.45 ms, found 3 plugins.
Preloading 0 native plugins for Editor in 0.00 ms.
Unloading 2079 Unused Serialized files (Serialized files now loaded: 0)
System memory in use before: 96.4 MB.
System memory in use after: 96.5 MB.

Unloading 21 unused Assets to reduce memory usage. Loaded Objects now: 2738.
Total: 2.951700 ms (FindLiveObjects: 0.253100 ms CreateObjectMapping: 0.092000 ms MarkObjects: 2.445200 ms  DeleteObjects: 0.160500 ms)

========================================================================
Received Prepare
Registering precompiled user dll's ...
Registered in 0.003337 seconds.
Begin MonoManager ReloadAssembly
Native extension for WindowsStandalone target not found
Native extension for WebGL target not found
Refreshing native plugins compatible for Editor in 0.47 ms, found 3 plugins.
Preloading 0 native plugins for Editor in 0.00 ms.
Mono: successfully reloaded assembly
- Completed reload, in  1.116 seconds
Platform modules already initialized, skipping
Refreshing native plugins compatible for Editor in 0.44 ms, found 3 plugins.
Preloading 0 native plugins for Editor in 0.00 ms.
Unloading 2079 Unused Serialized files (Serialized files now loaded: 0)
System memory in use before: 96.4 MB.
System memory in use after: 96.5 MB.

Unloading 21 unused Assets to reduce memory usage. Loaded Objects now: 2742.
Total: 2.732900 ms (FindLiveObjects: 0.253600 ms CreateObjectMapping: 0.091900 ms MarkObjects: 2.216200 ms  DeleteObjects: 0.170200 ms)

AssetImportWorkerClient::OnTransportError - code=2 error=End of file
